15:28:23.501 [main] INFO  - In setup()..
15:28:23.505 [main] INFO  - In setup(), browser value edge
15:28:23.505 [main] INFO  - In launchBrowser() - browser value-edge
15:28:24.210 [main] INFO  - app url-https://dsportalapp.herokuapp.com/home
15:28:24.549 [main] INFO  - DONE setup()..
15:28:29.556 [main] INFO  - In tearDown()..
15:28:29.742 [main] INFO  - DONE tearDown()..
15:28:29.747 [main] INFO  - In setup()..
15:28:29.748 [main] INFO  - In setup(), browser value edge
15:28:29.748 [main] INFO  - In launchBrowser() - browser value-edge
15:28:30.449 [main] INFO  - app url-https://dsportalapp.herokuapp.com/home
15:28:30.781 [main] INFO  - DONE setup()..
15:28:35.803 [main] INFO  - In tearDown()..
15:28:35.988 [main] INFO  - DONE tearDown()..
15:28:35.991 [main] INFO  - In setup()..
15:28:35.992 [main] INFO  - In setup(), browser value edge
15:28:35.992 [main] INFO  - In launchBrowser() - browser value-edge
15:28:36.762 [main] INFO  - app url-https://dsportalapp.herokuapp.com/home
15:28:37.112 [main] INFO  - DONE setup()..
15:28:42.118 [main] INFO  - In tearDown()..
15:28:42.292 [main] INFO  - DONE tearDown()..
15:28:42.297 [main] INFO  - In setup()..
15:28:42.298 [main] INFO  - In setup(), browser value edge
15:28:42.298 [main] INFO  - In launchBrowser() - browser value-edge
15:28:43.003 [main] INFO  - app url-https://dsportalapp.herokuapp.com/home
15:28:43.359 [main] INFO  - DONE setup()..
15:28:48.365 [main] INFO  - In tearDown()..
15:28:48.552 [main] INFO  - DONE tearDown()..
15:28:48.556 [main] INFO  - In setup()..
15:28:48.557 [main] INFO  - In setup(), browser value edge
15:28:48.557 [main] INFO  - In launchBrowser() - browser value-edge
15:28:49.245 [main] INFO  - app url-https://dsportalapp.herokuapp.com/home
15:28:49.558 [main] INFO  - DONE setup()..
15:28:54.579 [main] INFO  - In tearDown()..
15:28:54.750 [main] INFO  - DONE tearDown()..
15:28:54.754 [main] INFO  - In setup()..
15:28:54.754 [main] INFO  - In setup(), browser value edge
15:28:54.754 [main] INFO  - In launchBrowser() - browser value-edge
15:28:55.447 [main] INFO  - app url-https://dsportalapp.herokuapp.com/home
15:28:55.787 [main] INFO  - DONE setup()..
15:29:00.793 [main] INFO  - In tearDown()..
15:29:00.964 [main] INFO  - DONE tearDown()..
15:29:00.966 [main] INFO  - In setup()..
15:29:00.967 [main] INFO  - In setup(), browser value edge
15:29:00.967 [main] INFO  - In launchBrowser() - browser value-edge
15:29:01.671 [main] INFO  - app url-https://dsportalapp.herokuapp.com/home
15:29:02.036 [main] INFO  - DONE setup()..
15:29:07.044 [main] INFO  - In tearDown()..
15:29:07.220 [main] INFO  - DONE tearDown()..
15:29:07.224 [main] INFO  - In setup()..
15:29:07.225 [main] INFO  - In setup(), browser value edge
15:29:07.225 [main] INFO  - In launchBrowser() - browser value-edge
15:29:07.899 [main] INFO  - app url-https://dsportalapp.herokuapp.com/home
15:29:08.263 [main] INFO  - DONE setup()..
15:29:13.272 [main] INFO  - In tearDown()..
15:29:13.444 [main] INFO  - DONE tearDown()..
15:29:13.450 [main] INFO  - In setup()..
15:29:13.450 [main] INFO  - In setup(), browser value edge
15:29:13.450 [main] INFO  - In launchBrowser() - browser value-edge
15:29:14.149 [main] INFO  - app url-https://dsportalapp.herokuapp.com/home
15:29:14.514 [main] INFO  - DONE setup()..
15:29:19.519 [main] INFO  - In tearDown()..
15:29:19.707 [main] INFO  - DONE tearDown()..
15:29:19.709 [main] INFO  - In setup()..
15:29:19.710 [main] INFO  - In setup(), browser value edge
15:29:19.710 [main] INFO  - In launchBrowser() - browser value-edge
15:29:20.416 [main] INFO  - app url-https://dsportalapp.herokuapp.com/home
15:29:20.764 [main] INFO  - DONE setup()..
15:29:25.767 [main] INFO  - In tearDown()..
15:29:25.967 [main] INFO  - DONE tearDown()..
15:29:25.972 [main] INFO  - In setup()..
15:29:25.973 [main] INFO  - In setup(), browser value edge
15:29:25.973 [main] INFO  - In launchBrowser() - browser value-edge
15:29:26.660 [main] INFO  - app url-https://dsportalapp.herokuapp.com/home
15:29:27.009 [main] INFO  - DONE setup()..
15:29:32.014 [main] INFO  - In tearDown()..
15:29:32.187 [main] INFO  - DONE tearDown()..
15:29:32.193 [main] INFO  - In setup()..
15:29:32.193 [main] INFO  - In setup(), browser value edge
15:29:32.194 [main] INFO  - In launchBrowser() - browser value-edge
15:29:32.873 [main] INFO  - app url-https://dsportalapp.herokuapp.com/home
15:29:33.238 [main] INFO  - DONE setup()..
15:29:38.248 [main] INFO  - In tearDown()..
15:29:38.435 [main] INFO  - DONE tearDown()..
15:29:38.438 [main] INFO  - In setup()..
15:29:38.439 [main] INFO  - In setup(), browser value edge
15:29:38.439 [main] INFO  - In launchBrowser() - browser value-edge
15:29:39.157 [main] INFO  - app url-https://dsportalapp.herokuapp.com/home
15:29:39.490 [main] INFO  - DONE setup()..
15:29:44.510 [main] INFO  - In tearDown()..
15:29:44.697 [main] INFO  - DONE tearDown()..
15:29:44.701 [main] INFO  - In setup()..
15:29:44.702 [main] INFO  - In setup(), browser value edge
15:29:44.702 [main] INFO  - In launchBrowser() - browser value-edge
15:29:45.344 [main] INFO  - app url-https://dsportalapp.herokuapp.com/home
15:29:45.683 [main] INFO  - DONE setup()..
15:29:50.691 [main] INFO  - In tearDown()..
15:29:50.862 [main] INFO  - DONE tearDown()..
15:29:50.864 [main] INFO  - In setup()..
15:29:50.865 [main] INFO  - In setup(), browser value edge
15:29:50.865 [main] INFO  - In launchBrowser() - browser value-edge
15:29:51.542 [main] INFO  - app url-https://dsportalapp.herokuapp.com/home
15:29:51.885 [main] INFO  - DONE setup()..
15:29:56.888 [main] INFO  - In tearDown()..
15:29:57.071 [main] INFO  - DONE tearDown()..
15:29:57.076 [main] INFO  - In setup()..
15:29:57.076 [main] INFO  - In setup(), browser value edge
15:29:57.077 [main] INFO  - In launchBrowser() - browser value-edge
15:29:57.739 [main] INFO  - app url-https://dsportalapp.herokuapp.com/home
15:29:58.065 [main] INFO  - DONE setup()..
15:30:03.069 [main] INFO  - In tearDown()..
15:30:03.301 [main] INFO  - DONE tearDown()..
15:30:03.306 [main] INFO  - In setup()..
15:30:03.307 [main] INFO  - In setup(), browser value edge
15:30:03.307 [main] INFO  - In launchBrowser() - browser value-edge
15:30:03.999 [main] INFO  - app url-https://dsportalapp.herokuapp.com/home
15:30:04.392 [main] INFO  - DONE setup()..
15:30:09.399 [main] INFO  - In tearDown()..
15:30:09.571 [main] INFO  - DONE tearDown()..
15:30:09.574 [main] INFO  - In setup()..
15:30:09.575 [main] INFO  - In setup(), browser value edge
15:30:09.575 [main] INFO  - In launchBrowser() - browser value-edge
15:30:10.275 [main] INFO  - app url-https://dsportalapp.herokuapp.com/home
15:30:10.625 [main] INFO  - DONE setup()..
15:30:15.631 [main] INFO  - In tearDown()..
15:30:15.802 [main] INFO  - DONE tearDown()..
15:30:15.804 [main] INFO  - In setup()..
15:30:15.805 [main] INFO  - In setup(), browser value edge
15:30:15.805 [main] INFO  - In launchBrowser() - browser value-edge
15:30:16.449 [main] INFO  - app url-https://dsportalapp.herokuapp.com/home
15:30:16.801 [main] INFO  - DONE setup()..
15:30:21.812 [main] INFO  - In tearDown()..
15:30:22.015 [main] INFO  - DONE tearDown()..
15:30:22.018 [main] INFO  - In setup()..
15:30:22.019 [main] INFO  - In setup(), browser value edge
15:30:22.019 [main] INFO  - In launchBrowser() - browser value-edge
15:30:22.686 [main] INFO  - app url-https://dsportalapp.herokuapp.com/home
15:30:23.015 [main] INFO  - DONE setup()..
15:30:28.026 [main] INFO  - In tearDown()..
15:30:28.212 [main] INFO  - DONE tearDown()..
15:36:53.909 [main] INFO  - In setup()..
15:36:53.913 [main] INFO  - In setup(), browser value edge
15:36:53.920 [main] INFO  - In launchBrowser() - browser value-edge
15:36:54.996 [main] INFO  - app url-https://dsportalapp.herokuapp.com/home
15:36:55.312 [main] INFO  - DONE setup()..
15:37:00.329 [main] INFO  - In tearDown()..
15:37:00.405 [main] INFO  - DONE tearDown()..
15:37:00.408 [main] INFO  - In setup()..
15:37:00.409 [main] INFO  - In setup(), browser value edge
15:37:00.409 [main] INFO  - In launchBrowser() - browser value-edge
15:37:01.122 [main] INFO  - app url-https://dsportalapp.herokuapp.com/home
15:37:01.468 [main] INFO  - DONE setup()..
15:37:06.483 [main] INFO  - In tearDown()..
15:37:06.654 [main] INFO  - DONE tearDown()..
15:37:06.657 [main] INFO  - In setup()..
15:37:06.657 [main] INFO  - In setup(), browser value edge
15:37:06.657 [main] INFO  - In launchBrowser() - browser value-edge
15:37:07.343 [main] INFO  - app url-https://dsportalapp.herokuapp.com/home
15:37:07.679 [main] INFO  - DONE setup()..
15:37:12.698 [main] INFO  - In tearDown()..
15:37:12.883 [main] INFO  - DONE tearDown()..
15:37:12.888 [main] INFO  - In setup()..
15:37:12.889 [main] INFO  - In setup(), browser value edge
15:37:12.889 [main] INFO  - In launchBrowser() - browser value-edge
15:37:13.596 [main] INFO  - app url-https://dsportalapp.herokuapp.com/home
15:37:13.990 [main] INFO  - DONE setup()..
15:37:18.997 [main] INFO  - In tearDown()..
15:37:19.166 [main] INFO  - DONE tearDown()..
15:37:19.171 [main] INFO  - In setup()..
15:37:19.171 [main] INFO  - In setup(), browser value edge
15:37:19.172 [main] INFO  - In launchBrowser() - browser value-edge
15:37:19.878 [main] INFO  - app url-https://dsportalapp.herokuapp.com/home
15:37:20.211 [main] INFO  - DONE setup()..
15:37:25.230 [main] INFO  - In tearDown()..
15:37:25.413 [main] INFO  - DONE tearDown()..
15:37:25.418 [main] INFO  - In setup()..
15:37:25.419 [main] INFO  - In setup(), browser value edge
15:37:25.419 [main] INFO  - In launchBrowser() - browser value-edge
15:37:26.145 [main] INFO  - app url-https://dsportalapp.herokuapp.com/home
15:37:26.518 [main] INFO  - DONE setup()..
15:37:31.523 [main] INFO  - In tearDown()..
15:37:31.690 [main] INFO  - DONE tearDown()..
15:37:31.695 [main] INFO  - In setup()..
15:37:31.696 [main] INFO  - In setup(), browser value edge
15:37:31.696 [main] INFO  - In launchBrowser() - browser value-edge
15:37:32.402 [main] INFO  - app url-https://dsportalapp.herokuapp.com/home
15:37:32.732 [main] INFO  - DONE setup()..
15:37:37.736 [main] INFO  - In tearDown()..
15:37:37.905 [main] INFO  - DONE tearDown()..
15:37:37.912 [main] INFO  - In setup()..
15:37:37.912 [main] INFO  - In setup(), browser value edge
15:37:37.912 [main] INFO  - In launchBrowser() - browser value-edge
15:37:38.602 [main] INFO  - app url-https://dsportalapp.herokuapp.com/home
15:37:38.935 [main] INFO  - DONE setup()..
15:37:43.945 [main] INFO  - In tearDown()..
15:37:44.114 [main] INFO  - DONE tearDown()..
15:37:44.116 [main] INFO  - In setup()..
15:37:44.117 [main] INFO  - In setup(), browser value edge
15:37:44.117 [main] INFO  - In launchBrowser() - browser value-edge
15:37:44.837 [main] INFO  - app url-https://dsportalapp.herokuapp.com/home
15:37:45.207 [main] INFO  - DONE setup()..
15:37:50.218 [main] INFO  - In tearDown()..
15:37:50.401 [main] INFO  - DONE tearDown()..
15:37:50.405 [main] INFO  - In setup()..
15:37:50.406 [main] INFO  - In setup(), browser value edge
15:37:50.406 [main] INFO  - In launchBrowser() - browser value-edge
15:37:51.096 [main] INFO  - app url-https://dsportalapp.herokuapp.com/home
15:37:51.464 [main] INFO  - DONE setup()..
15:37:56.476 [main] INFO  - In tearDown()..
15:37:56.630 [main] INFO  - DONE tearDown()..
15:37:56.635 [main] INFO  - In setup()..
15:37:56.637 [main] INFO  - In setup(), browser value edge
15:37:56.637 [main] INFO  - In launchBrowser() - browser value-edge
15:37:57.318 [main] INFO  - app url-https://dsportalapp.herokuapp.com/home
15:37:57.657 [main] INFO  - DONE setup()..
15:38:02.666 [main] INFO  - In tearDown()..
15:38:02.820 [main] INFO  - DONE tearDown()..
15:38:02.823 [main] INFO  - In setup()..
15:38:02.824 [main] INFO  - In setup(), browser value edge
15:38:02.824 [main] INFO  - In launchBrowser() - browser value-edge
15:38:03.524 [main] INFO  - app url-https://dsportalapp.herokuapp.com/home
15:38:03.859 [main] INFO  - DONE setup()..
15:38:08.867 [main] INFO  - In tearDown()..
15:38:09.068 [main] INFO  - DONE tearDown()..
15:38:09.072 [main] INFO  - In setup()..
15:38:09.073 [main] INFO  - In setup(), browser value edge
15:38:09.073 [main] INFO  - In launchBrowser() - browser value-edge
15:38:09.766 [main] INFO  - app url-https://dsportalapp.herokuapp.com/home
15:38:10.101 [main] INFO  - DONE setup()..
15:38:15.117 [main] INFO  - In tearDown()..
15:38:15.283 [main] INFO  - DONE tearDown()..
15:38:15.287 [main] INFO  - In setup()..
15:38:15.287 [main] INFO  - In setup(), browser value edge
15:38:15.287 [main] INFO  - In launchBrowser() - browser value-edge
15:38:15.996 [main] INFO  - app url-https://dsportalapp.herokuapp.com/home
15:38:16.307 [main] INFO  - DONE setup()..
15:38:21.311 [main] INFO  - In tearDown()..
15:38:21.498 [main] INFO  - DONE tearDown()..
15:38:21.500 [main] INFO  - In setup()..
15:38:21.501 [main] INFO  - In setup(), browser value edge
15:38:21.501 [main] INFO  - In launchBrowser() - browser value-edge
15:38:22.194 [main] INFO  - app url-https://dsportalapp.herokuapp.com/home
15:38:22.529 [main] INFO  - DONE setup()..
15:38:27.542 [main] INFO  - In tearDown()..
15:38:27.727 [main] INFO  - DONE tearDown()..
15:38:27.730 [main] INFO  - In setup()..
15:38:27.731 [main] INFO  - In setup(), browser value edge
15:38:27.731 [main] INFO  - In launchBrowser() - browser value-edge
15:38:28.460 [main] INFO  - app url-https://dsportalapp.herokuapp.com/home
15:38:28.795 [main] INFO  - DONE setup()..
15:38:33.810 [main] INFO  - In tearDown()..
15:38:33.993 [main] INFO  - DONE tearDown()..
15:38:33.998 [main] INFO  - In setup()..
15:38:33.999 [main] INFO  - In setup(), browser value edge
15:38:33.999 [main] INFO  - In launchBrowser() - browser value-edge
15:38:34.681 [main] INFO  - app url-https://dsportalapp.herokuapp.com/home
15:38:35.067 [main] INFO  - DONE setup()..
15:38:40.077 [main] INFO  - In tearDown()..
15:38:40.260 [main] INFO  - DONE tearDown()..
15:38:40.264 [main] INFO  - In setup()..
15:38:40.265 [main] INFO  - In setup(), browser value edge
15:38:40.265 [main] INFO  - In launchBrowser() - browser value-edge
15:38:40.999 [main] INFO  - app url-https://dsportalapp.herokuapp.com/home
15:38:41.331 [main] INFO  - DONE setup()..
15:38:46.345 [main] INFO  - In tearDown()..
15:38:46.531 [main] INFO  - DONE tearDown()..
15:38:46.533 [main] INFO  - In setup()..
15:38:46.534 [main] INFO  - In setup(), browser value edge
15:38:46.534 [main] INFO  - In launchBrowser() - browser value-edge
15:38:47.237 [main] INFO  - app url-https://dsportalapp.herokuapp.com/home
15:38:47.587 [main] INFO  - DONE setup()..
15:38:52.599 [main] INFO  - In tearDown()..
15:38:52.767 [main] INFO  - DONE tearDown()..
15:38:52.769 [main] INFO  - In setup()..
15:38:52.770 [main] INFO  - In setup(), browser value edge
15:38:52.770 [main] INFO  - In launchBrowser() - browser value-edge
15:38:53.442 [main] INFO  - app url-https://dsportalapp.herokuapp.com/home
15:38:53.870 [main] INFO  - DONE setup()..
15:38:58.883 [main] INFO  - In tearDown()..
15:38:59.053 [main] INFO  - DONE tearDown()..
15:38:59.056 [main] INFO  - In setup()..
15:38:59.057 [main] INFO  - In setup(), browser value edge
15:38:59.057 [main] INFO  - In launchBrowser() - browser value-edge
15:38:59.744 [main] INFO  - app url-https://dsportalapp.herokuapp.com/home
15:39:00.117 [main] INFO  - DONE setup()..
15:39:05.121 [main] INFO  - In tearDown()..
15:39:05.292 [main] INFO  - DONE tearDown()..
15:39:05.294 [main] INFO  - In setup()..
15:39:05.295 [main] INFO  - In setup(), browser value edge
15:39:05.295 [main] INFO  - In launchBrowser() - browser value-edge
15:39:05.979 [main] INFO  - app url-https://dsportalapp.herokuapp.com/home
15:39:06.308 [main] INFO  - DONE setup()..
15:39:11.320 [main] INFO  - In tearDown()..
15:39:11.505 [main] INFO  - DONE tearDown()..
15:39:11.510 [main] INFO  - In setup()..
15:39:11.510 [main] INFO  - In setup(), browser value edge
15:39:11.510 [main] INFO  - In launchBrowser() - browser value-edge
15:39:12.213 [main] INFO  - app url-https://dsportalapp.herokuapp.com/home
15:39:12.556 [main] INFO  - DONE setup()..
15:39:17.572 [main] INFO  - In tearDown()..
15:39:17.752 [main] INFO  - DONE tearDown()..
15:39:17.757 [main] INFO  - In setup()..
15:39:17.757 [main] INFO  - In setup(), browser value edge
15:39:17.757 [main] INFO  - In launchBrowser() - browser value-edge
15:39:18.457 [main] INFO  - app url-https://dsportalapp.herokuapp.com/home
15:39:18.807 [main] INFO  - DONE setup()..
15:39:23.813 [main] INFO  - In tearDown()..
15:39:23.996 [main] INFO  - DONE tearDown()..
15:39:24.000 [main] INFO  - In setup()..
15:39:24.001 [main] INFO  - In setup(), browser value edge
15:39:24.001 [main] INFO  - In launchBrowser() - browser value-edge
15:39:24.684 [main] INFO  - app url-https://dsportalapp.herokuapp.com/home
15:39:25.023 [main] INFO  - DONE setup()..
15:39:30.027 [main] INFO  - In tearDown()..
15:39:30.210 [main] INFO  - DONE tearDown()..
15:39:30.215 [main] INFO  - In setup()..
15:39:30.216 [main] INFO  - In setup(), browser value edge
15:39:30.216 [main] INFO  - In launchBrowser() - browser value-edge
15:39:30.924 [main] INFO  - app url-https://dsportalapp.herokuapp.com/home
15:39:31.304 [main] INFO  - DONE setup()..
15:39:36.310 [main] INFO  - In tearDown()..
15:39:36.492 [main] INFO  - DONE tearDown()..
15:39:36.495 [main] INFO  - In setup()..
15:39:36.496 [main] INFO  - In setup(), browser value edge
15:39:36.496 [main] INFO  - In launchBrowser() - browser value-edge
15:39:37.176 [main] INFO  - app url-https://dsportalapp.herokuapp.com/home
15:39:37.537 [main] INFO  - DONE setup()..
15:39:42.539 [main] INFO  - In tearDown()..
15:39:42.711 [main] INFO  - DONE tearDown()..
15:39:42.713 [main] INFO  - In setup()..
15:39:42.714 [main] INFO  - In setup(), browser value edge
15:39:42.714 [main] INFO  - In launchBrowser() - browser value-edge
15:39:43.407 [main] INFO  - app url-https://dsportalapp.herokuapp.com/home
15:39:43.767 [main] INFO  - DONE setup()..
15:39:48.787 [main] INFO  - In tearDown()..
15:39:48.960 [main] INFO  - DONE tearDown()..
15:39:48.963 [main] INFO  - In setup()..
15:39:48.964 [main] INFO  - In setup(), browser value edge
15:39:48.964 [main] INFO  - In launchBrowser() - browser value-edge
15:39:49.683 [main] INFO  - app url-https://dsportalapp.herokuapp.com/home
15:39:50.114 [main] INFO  - DONE setup()..
15:39:55.118 [main] INFO  - In tearDown()..
15:39:55.289 [main] INFO  - DONE tearDown()..
15:40:28.545 [main] INFO  - In setup()..
15:40:28.551 [main] INFO  - In setup(), browser value edge
15:40:28.558 [main] INFO  - In launchBrowser() - browser value-edge
15:40:29.615 [main] INFO  - app url-https://dsportalapp.herokuapp.com/home
15:40:29.993 [main] INFO  - DONE setup()..
16:23:03.260 [main] INFO  - In setup()..
16:23:03.264 [main] INFO  - In setup(), browser value edge
16:23:03.272 [main] INFO  - In launchBrowser() - browser value-edge
16:23:04.529 [main] INFO  - app url-https://dsportalapp.herokuapp.com/home
16:23:04.920 [main] INFO  - DONE setup()..
16:23:10.896 [main] INFO  - In setup()..
16:23:10.900 [main] INFO  - In setup(), browser value edge
16:23:10.906 [main] INFO  - In launchBrowser() - browser value-edge
16:23:11.971 [main] INFO  - app url-https://dsportalapp.herokuapp.com/home
16:23:12.314 [main] INFO  - DONE setup()..
16:24:05.516 [main] INFO  - In setup()..
16:24:05.521 [main] INFO  - In setup(), browser value edge
16:24:05.526 [main] INFO  - In launchBrowser() - browser value-edge
16:24:06.636 [main] INFO  - app url-https://dsportalapp.herokuapp.com/home
16:24:07.012 [main] INFO  - DONE setup()..
16:24:12.023 [main] INFO  - In tearDown()..
16:24:12.204 [main] INFO  - DONE tearDown()..
16:24:12.208 [main] INFO  - In setup()..
16:24:12.209 [main] INFO  - In setup(), browser value edge
16:24:12.209 [main] INFO  - In launchBrowser() - browser value-edge
16:24:13.002 [main] INFO  - app url-https://dsportalapp.herokuapp.com/home
16:24:13.320 [main] INFO  - DONE setup()..
16:24:18.327 [main] INFO  - In tearDown()..
16:24:18.529 [main] INFO  - DONE tearDown()..
16:24:18.532 [main] INFO  - In setup()..
16:24:18.533 [main] INFO  - In setup(), browser value edge
16:24:18.533 [main] INFO  - In launchBrowser() - browser value-edge
16:24:19.265 [main] INFO  - app url-https://dsportalapp.herokuapp.com/home
16:24:19.606 [main] INFO  - DONE setup()..
16:24:24.613 [main] INFO  - In tearDown()..
16:24:24.818 [main] INFO  - DONE tearDown()..
16:24:24.824 [main] INFO  - In setup()..
16:24:24.824 [main] INFO  - In setup(), browser value edge
16:24:24.825 [main] INFO  - In launchBrowser() - browser value-edge
16:24:25.518 [main] INFO  - app url-https://dsportalapp.herokuapp.com/home
16:24:25.872 [main] INFO  - DONE setup()..
16:24:30.888 [main] INFO  - In tearDown()..
16:24:31.075 [main] INFO  - DONE tearDown()..
16:24:31.081 [main] INFO  - In setup()..
16:24:31.082 [main] INFO  - In setup(), browser value edge
16:24:31.082 [main] INFO  - In launchBrowser() - browser value-edge
16:24:31.806 [main] INFO  - app url-https://dsportalapp.herokuapp.com/home
16:24:32.136 [main] INFO  - DONE setup()..
16:24:37.145 [main] INFO  - In tearDown()..
16:24:37.332 [main] INFO  - DONE tearDown()..
16:24:37.336 [main] INFO  - In setup()..
16:24:37.336 [main] INFO  - In setup(), browser value edge
16:24:37.337 [main] INFO  - In launchBrowser() - browser value-edge
16:24:38.046 [main] INFO  - app url-https://dsportalapp.herokuapp.com/home
16:24:38.400 [main] INFO  - DONE setup()..
16:24:43.407 [main] INFO  - In tearDown()..
16:24:43.577 [main] INFO  - DONE tearDown()..
16:24:43.582 [main] INFO  - In setup()..
16:24:43.583 [main] INFO  - In setup(), browser value edge
16:24:43.583 [main] INFO  - In launchBrowser() - browser value-edge
16:24:44.268 [main] INFO  - app url-https://dsportalapp.herokuapp.com/home
16:24:44.621 [main] INFO  - DONE setup()..
16:24:49.635 [main] INFO  - In tearDown()..
16:24:49.823 [main] INFO  - DONE tearDown()..
16:24:49.827 [main] INFO  - In setup()..
16:24:49.828 [main] INFO  - In setup(), browser value edge
16:24:49.828 [main] INFO  - In launchBrowser() - browser value-edge
16:24:50.515 [main] INFO  - app url-https://dsportalapp.herokuapp.com/home
16:24:50.914 [main] INFO  - DONE setup()..
16:24:55.918 [main] INFO  - In tearDown()..
16:24:56.107 [main] INFO  - DONE tearDown()..
16:24:56.109 [main] INFO  - In setup()..
16:24:56.110 [main] INFO  - In setup(), browser value edge
16:24:56.110 [main] INFO  - In launchBrowser() - browser value-edge
16:24:56.855 [main] INFO  - app url-https://dsportalapp.herokuapp.com/home
16:24:57.210 [main] INFO  - DONE setup()..
16:25:02.217 [main] INFO  - In tearDown()..
16:25:02.399 [main] INFO  - DONE tearDown()..
16:26:10.578 [main] INFO  - In setup()..
16:26:10.582 [main] INFO  - In setup(), browser value edge
16:26:10.591 [main] INFO  - In launchBrowser() - browser value-edge
16:26:11.619 [main] INFO  - app url-https://dsportalapp.herokuapp.com/home
16:26:11.973 [main] INFO  - DONE setup()..
16:26:16.988 [main] INFO  - In tearDown()..
16:26:17.194 [main] INFO  - DONE tearDown()..
16:26:17.203 [main] INFO  - In setup()..
16:26:17.204 [main] INFO  - In setup(), browser value edge
16:26:17.204 [main] INFO  - In launchBrowser() - browser value-edge
16:26:17.928 [main] INFO  - app url-https://dsportalapp.herokuapp.com/home
16:26:18.278 [main] INFO  - DONE setup()..
16:26:23.282 [main] INFO  - In tearDown()..
16:26:23.470 [main] INFO  - DONE tearDown()..
16:26:23.474 [main] INFO  - In setup()..
16:26:23.475 [main] INFO  - In setup(), browser value edge
16:26:23.476 [main] INFO  - In launchBrowser() - browser value-edge
16:26:24.212 [main] INFO  - app url-https://dsportalapp.herokuapp.com/home
16:26:24.561 [main] INFO  - DONE setup()..
16:26:29.563 [main] INFO  - In tearDown()..
16:26:29.750 [main] INFO  - DONE tearDown()..
16:26:29.756 [main] INFO  - In setup()..
16:26:29.757 [main] INFO  - In setup(), browser value edge
16:26:29.757 [main] INFO  - In launchBrowser() - browser value-edge
16:26:30.425 [main] INFO  - app url-https://dsportalapp.herokuapp.com/home
16:26:30.789 [main] INFO  - DONE setup()..
16:26:35.803 [main] INFO  - In tearDown()..
16:26:35.991 [main] INFO  - DONE tearDown()..
16:26:36.000 [main] INFO  - In setup()..
16:26:36.000 [main] INFO  - In setup(), browser value edge
16:26:36.001 [main] INFO  - In launchBrowser() - browser value-edge
16:26:36.730 [main] INFO  - app url-https://dsportalapp.herokuapp.com/home
16:26:37.083 [main] INFO  - DONE setup()..
16:26:42.092 [main] INFO  - In tearDown()..
16:26:42.296 [main] INFO  - DONE tearDown()..
16:26:42.302 [main] INFO  - In setup()..
16:26:42.303 [main] INFO  - In setup(), browser value edge
16:26:42.303 [main] INFO  - In launchBrowser() - browser value-edge
16:26:42.994 [main] INFO  - app url-https://dsportalapp.herokuapp.com/home
16:26:43.335 [main] INFO  - DONE setup()..
16:26:48.361 [main] INFO  - In tearDown()..
16:26:48.555 [main] INFO  - DONE tearDown()..
16:26:48.561 [main] INFO  - In setup()..
16:26:48.562 [main] INFO  - In setup(), browser value edge
16:26:48.562 [main] INFO  - In launchBrowser() - browser value-edge
16:26:49.235 [main] INFO  - app url-https://dsportalapp.herokuapp.com/home
16:26:49.566 [main] INFO  - DONE setup()..
16:26:54.587 [main] INFO  - In tearDown()..
16:26:54.793 [main] INFO  - DONE tearDown()..
16:26:54.799 [main] INFO  - In setup()..
16:26:54.800 [main] INFO  - In setup(), browser value edge
16:26:54.800 [main] INFO  - In launchBrowser() - browser value-edge
16:26:55.487 [main] INFO  - app url-https://dsportalapp.herokuapp.com/home
16:26:55.824 [main] INFO  - DONE setup()..
16:27:00.834 [main] INFO  - In tearDown()..
16:27:01.067 [main] INFO  - DONE tearDown()..
16:27:01.074 [main] INFO  - In setup()..
16:27:01.075 [main] INFO  - In setup(), browser value edge
16:27:01.075 [main] INFO  - In launchBrowser() - browser value-edge
16:27:01.777 [main] INFO  - app url-https://dsportalapp.herokuapp.com/home
16:27:02.125 [main] INFO  - DONE setup()..
16:27:07.130 [main] INFO  - In tearDown()..
16:27:07.319 [main] INFO  - DONE tearDown()..
16:31:02.218 [main] INFO  - In setup()..
16:31:02.223 [main] INFO  - In setup(), browser value edge
16:31:02.229 [main] INFO  - In launchBrowser() - browser value-edge
16:31:03.305 [main] INFO  - app url-https://dsportalapp.herokuapp.com/home
16:31:03.913 [main] INFO  - DONE setup()..
16:31:08.920 [main] INFO  - In tearDown()..
16:31:09.108 [main] INFO  - DONE tearDown()..
16:31:09.112 [main] INFO  - In setup()..
16:31:09.113 [main] INFO  - In setup(), browser value edge
16:31:09.113 [main] INFO  - In launchBrowser() - browser value-edge
16:31:09.860 [main] INFO  - app url-https://dsportalapp.herokuapp.com/home
16:31:10.218 [main] INFO  - DONE setup()..
16:31:15.229 [main] INFO  - In tearDown()..
16:31:15.413 [main] INFO  - DONE tearDown()..
16:31:15.418 [main] INFO  - In setup()..
16:31:15.419 [main] INFO  - In setup(), browser value edge
16:31:15.419 [main] INFO  - In launchBrowser() - browser value-edge
16:31:16.117 [main] INFO  - app url-https://dsportalapp.herokuapp.com/home
16:31:16.458 [main] INFO  - DONE setup()..
16:31:21.473 [main] INFO  - In tearDown()..
16:31:21.660 [main] INFO  - DONE tearDown()..
16:31:21.663 [main] INFO  - In setup()..
16:31:21.664 [main] INFO  - In setup(), browser value edge
16:31:21.664 [main] INFO  - In launchBrowser() - browser value-edge
16:31:22.369 [main] INFO  - app url-https://dsportalapp.herokuapp.com/home
16:31:22.707 [main] INFO  - DONE setup()..
16:31:27.720 [main] INFO  - In tearDown()..
16:31:27.906 [main] INFO  - DONE tearDown()..
16:31:27.909 [main] INFO  - In setup()..
16:31:27.910 [main] INFO  - In setup(), browser value edge
16:31:27.910 [main] INFO  - In launchBrowser() - browser value-edge
16:31:28.620 [main] INFO  - app url-https://dsportalapp.herokuapp.com/home
16:31:28.940 [main] INFO  - DONE setup()..
16:31:33.957 [main] INFO  - In tearDown()..
16:31:34.145 [main] INFO  - DONE tearDown()..
16:31:34.153 [main] INFO  - In setup()..
16:31:34.153 [main] INFO  - In setup(), browser value edge
16:31:34.153 [main] INFO  - In launchBrowser() - browser value-edge
16:31:34.858 [main] INFO  - app url-https://dsportalapp.herokuapp.com/home
16:31:35.486 [main] INFO  - DONE setup()..
16:31:40.500 [main] INFO  - In tearDown()..
16:31:40.687 [main] INFO  - DONE tearDown()..
16:31:40.693 [main] INFO  - In setup()..
16:31:40.694 [main] INFO  - In setup(), browser value edge
16:31:40.694 [main] INFO  - In launchBrowser() - browser value-edge
16:31:41.385 [main] INFO  - app url-https://dsportalapp.herokuapp.com/home
16:31:41.724 [main] INFO  - DONE setup()..
16:31:46.734 [main] INFO  - In tearDown()..
16:31:46.920 [main] INFO  - DONE tearDown()..
16:31:46.925 [main] INFO  - In setup()..
16:31:46.926 [main] INFO  - In setup(), browser value edge
16:31:46.926 [main] INFO  - In launchBrowser() - browser value-edge
16:31:47.631 [main] INFO  - app url-https://dsportalapp.herokuapp.com/home
16:31:47.976 [main] INFO  - DONE setup()..
16:31:52.977 [main] INFO  - In tearDown()..
16:31:53.163 [main] INFO  - DONE tearDown()..
16:32:27.962 [main] INFO  - In setup()..
16:32:27.966 [main] INFO  - In setup(), browser value edge
16:32:27.972 [main] INFO  - In launchBrowser() - browser value-edge
16:32:28.978 [main] INFO  - app url-https://dsportalapp.herokuapp.com/home
16:32:29.334 [main] INFO  - DONE setup()..
16:32:34.347 [main] INFO  - In tearDown()..
16:32:34.533 [main] INFO  - DONE tearDown()..
16:32:34.537 [main] INFO  - In setup()..
16:32:34.538 [main] INFO  - In setup(), browser value edge
16:32:34.538 [main] INFO  - In launchBrowser() - browser value-edge
16:32:35.267 [main] INFO  - app url-https://dsportalapp.herokuapp.com/home
16:32:35.619 [main] INFO  - DONE setup()..
16:32:40.629 [main] INFO  - In tearDown()..
16:32:40.818 [main] INFO  - DONE tearDown()..
16:32:40.822 [main] INFO  - In setup()..
16:32:40.823 [main] INFO  - In setup(), browser value edge
16:32:40.823 [main] INFO  - In launchBrowser() - browser value-edge
16:32:41.549 [main] INFO  - app url-https://dsportalapp.herokuapp.com/home
16:32:41.899 [main] INFO  - DONE setup()..
16:32:46.904 [main] INFO  - In tearDown()..
16:32:47.092 [main] INFO  - DONE tearDown()..
16:32:47.098 [main] INFO  - In setup()..
16:32:47.099 [main] INFO  - In setup(), browser value edge
16:32:47.099 [main] INFO  - In launchBrowser() - browser value-edge
16:32:47.760 [main] INFO  - app url-https://dsportalapp.herokuapp.com/home
16:32:48.083 [main] INFO  - DONE setup()..
16:32:53.096 [main] INFO  - In tearDown()..
16:32:53.311 [main] INFO  - DONE tearDown()..
16:32:53.318 [main] INFO  - In setup()..
16:32:53.319 [main] INFO  - In setup(), browser value edge
16:32:53.319 [main] INFO  - In launchBrowser() - browser value-edge
16:32:54.014 [main] INFO  - app url-https://dsportalapp.herokuapp.com/home
16:32:54.397 [main] INFO  - DONE setup()..
16:32:59.411 [main] INFO  - In tearDown()..
16:32:59.597 [main] INFO  - DONE tearDown()..
16:32:59.603 [main] INFO  - In setup()..
16:32:59.603 [main] INFO  - In setup(), browser value edge
16:32:59.603 [main] INFO  - In launchBrowser() - browser value-edge
16:33:00.290 [main] INFO  - app url-https://dsportalapp.herokuapp.com/home
16:33:00.627 [main] INFO  - DONE setup()..
16:33:05.643 [main] INFO  - In tearDown()..
16:33:05.830 [main] INFO  - DONE tearDown()..
16:33:05.834 [main] INFO  - In setup()..
16:33:05.835 [main] INFO  - In setup(), browser value edge
16:33:05.836 [main] INFO  - In launchBrowser() - browser value-edge
16:33:06.560 [main] INFO  - app url-https://dsportalapp.herokuapp.com/home
16:33:06.927 [main] INFO  - DONE setup()..
16:33:11.942 [main] INFO  - In tearDown()..
16:33:12.115 [main] INFO  - DONE tearDown()..
16:33:12.121 [main] INFO  - In setup()..
16:33:12.122 [main] INFO  - In setup(), browser value edge
16:33:12.122 [main] INFO  - In launchBrowser() - browser value-edge
16:33:12.777 [main] INFO  - app url-https://dsportalapp.herokuapp.com/home
16:33:13.291 [main] INFO  - DONE setup()..
16:33:18.296 [main] INFO  - In tearDown()..
16:33:18.470 [main] INFO  - DONE tearDown()..
16:33:58.986 [main] INFO  - In setup()..
16:33:58.991 [main] INFO  - In setup(), browser value edge
16:33:58.997 [main] INFO  - In launchBrowser() - browser value-edge
16:34:00.070 [main] INFO  - app url-https://dsportalapp.herokuapp.com/home
16:34:00.394 [main] INFO  - DONE setup()..
16:34:05.400 [main] INFO  - In tearDown()..
16:34:05.606 [main] INFO  - DONE tearDown()..
16:34:05.611 [main] INFO  - In setup()..
16:34:05.612 [main] INFO  - In setup(), browser value edge
16:34:05.612 [main] INFO  - In launchBrowser() - browser value-edge
16:34:06.338 [main] INFO  - app url-https://dsportalapp.herokuapp.com/home
16:34:06.660 [main] INFO  - DONE setup()..
16:34:11.665 [main] INFO  - In tearDown()..
16:34:11.852 [main] INFO  - DONE tearDown()..
16:34:11.858 [main] INFO  - In setup()..
16:34:11.859 [main] INFO  - In setup(), browser value edge
16:34:11.859 [main] INFO  - In launchBrowser() - browser value-edge
16:34:12.543 [main] INFO  - app url-https://dsportalapp.herokuapp.com/home
16:34:12.893 [main] INFO  - DONE setup()..
16:34:17.898 [main] INFO  - In tearDown()..
16:34:18.071 [main] INFO  - DONE tearDown()..
16:34:18.076 [main] INFO  - In setup()..
16:34:18.076 [main] INFO  - In setup(), browser value edge
16:34:18.076 [main] INFO  - In launchBrowser() - browser value-edge
16:34:18.806 [main] INFO  - app url-https://dsportalapp.herokuapp.com/home
16:34:19.158 [main] INFO  - DONE setup()..
16:34:24.169 [main] INFO  - In tearDown()..
16:34:24.340 [main] INFO  - DONE tearDown()..
16:34:24.345 [main] INFO  - In setup()..
16:34:24.346 [main] INFO  - In setup(), browser value edge
16:34:24.346 [main] INFO  - In launchBrowser() - browser value-edge
16:34:25.032 [main] INFO  - app url-https://dsportalapp.herokuapp.com/home
16:34:25.375 [main] INFO  - DONE setup()..
16:34:30.392 [main] INFO  - In tearDown()..
16:34:30.581 [main] INFO  - DONE tearDown()..
16:34:30.585 [main] INFO  - In setup()..
16:34:30.586 [main] INFO  - In setup(), browser value edge
16:34:30.586 [main] INFO  - In launchBrowser() - browser value-edge
16:34:31.278 [main] INFO  - app url-https://dsportalapp.herokuapp.com/home
16:34:31.651 [main] INFO  - DONE setup()..
16:34:36.663 [main] INFO  - In tearDown()..
16:34:36.849 [main] INFO  - DONE tearDown()..
16:34:36.853 [main] INFO  - In setup()..
16:34:36.854 [main] INFO  - In setup(), browser value edge
16:34:36.854 [main] INFO  - In launchBrowser() - browser value-edge
16:34:37.540 [main] INFO  - app url-https://dsportalapp.herokuapp.com/home
16:34:37.937 [main] INFO  - DONE setup()..
16:34:42.948 [main] INFO  - In tearDown()..
16:34:43.152 [main] INFO  - DONE tearDown()..
16:34:43.155 [main] INFO  - In setup()..
16:34:43.156 [main] INFO  - In setup(), browser value edge
16:34:43.156 [main] INFO  - In launchBrowser() - browser value-edge
16:34:43.836 [main] INFO  - app url-https://dsportalapp.herokuapp.com/home
16:34:44.197 [main] INFO  - DONE setup()..
16:34:49.199 [main] INFO  - In tearDown()..
16:34:49.400 [main] INFO  - DONE tearDown()..
16:34:49.404 [main] INFO  - In setup()..
16:34:49.405 [main] INFO  - In setup(), browser value edge
16:34:49.405 [main] INFO  - In launchBrowser() - browser value-edge
16:34:50.099 [main] INFO  - app url-https://dsportalapp.herokuapp.com/home
16:34:50.460 [main] INFO  - DONE setup()..
16:34:55.466 [main] INFO  - In tearDown()..
16:34:55.653 [main] INFO  - DONE tearDown()..
17:50:24.843 [main] INFO  - In setup()..
17:50:24.848 [main] INFO  - In setup(), browser value edge
17:50:24.860 [main] INFO  - In launchBrowser() - browser value-edge
17:50:26.415 [main] INFO  - app url-https://dsportalapp.herokuapp.com/home
17:50:26.880 [main] INFO  - DONE setup()..
17:50:31.912 [main] INFO  - In tearDown()..
17:50:32.331 [main] INFO  - DONE tearDown()..
17:50:32.351 [main] INFO  - In setup()..
17:50:32.352 [main] INFO  - In setup(), browser value edge
17:50:32.352 [main] INFO  - In launchBrowser() - browser value-edge
17:50:33.462 [main] INFO  - app url-https://dsportalapp.herokuapp.com/home
17:50:33.980 [main] INFO  - DONE setup()..
17:50:38.996 [main] INFO  - In tearDown()..
17:50:39.345 [main] INFO  - DONE tearDown()..
17:50:39.368 [main] INFO  - In setup()..
17:50:39.370 [main] INFO  - In setup(), browser value edge
17:50:39.370 [main] INFO  - In launchBrowser() - browser value-edge
17:50:40.520 [main] INFO  - app url-https://dsportalapp.herokuapp.com/home
17:50:40.994 [main] INFO  - DONE setup()..
17:50:46.015 [main] INFO  - In tearDown()..
17:50:46.367 [main] INFO  - DONE tearDown()..
17:50:46.394 [main] INFO  - In setup()..
17:50:46.396 [main] INFO  - In setup(), browser value edge
17:50:46.396 [main] INFO  - In launchBrowser() - browser value-edge
17:50:47.433 [main] INFO  - app url-https://dsportalapp.herokuapp.com/home
17:50:48.088 [main] INFO  - DONE setup()..
17:50:53.113 [main] INFO  - In tearDown()..
17:50:53.439 [main] INFO  - DONE tearDown()..
17:50:53.462 [main] INFO  - In setup()..
17:50:53.464 [main] INFO  - In setup(), browser value edge
17:50:53.465 [main] INFO  - In launchBrowser() - browser value-edge
17:50:54.600 [main] INFO  - app url-https://dsportalapp.herokuapp.com/home
17:50:55.083 [main] INFO  - DONE setup()..
17:51:00.096 [main] INFO  - In tearDown()..
17:51:00.483 [main] INFO  - DONE tearDown()..
17:51:00.502 [main] INFO  - In setup()..
17:51:00.504 [main] INFO  - In setup(), browser value edge
17:51:00.504 [main] INFO  - In launchBrowser() - browser value-edge
17:51:01.593 [main] INFO  - app url-https://dsportalapp.herokuapp.com/home
17:51:02.046 [main] INFO  - DONE setup()..
17:51:07.061 [main] INFO  - In tearDown()..
17:51:07.465 [main] INFO  - DONE tearDown()..
17:51:07.484 [main] INFO  - In setup()..
17:51:07.487 [main] INFO  - In setup(), browser value edge
17:51:07.488 [main] INFO  - In launchBrowser() - browser value-edge
17:51:08.647 [main] INFO  - app url-https://dsportalapp.herokuapp.com/home
17:51:09.072 [main] INFO  - DONE setup()..
17:51:14.092 [main] INFO  - In tearDown()..
17:51:14.463 [main] INFO  - DONE tearDown()..
17:51:14.481 [main] INFO  - In setup()..
17:51:14.484 [main] INFO  - In setup(), browser value edge
17:51:14.484 [main] INFO  - In launchBrowser() - browser value-edge
17:51:15.631 [main] INFO  - app url-https://dsportalapp.herokuapp.com/home
17:51:16.155 [main] INFO  - DONE setup()..
17:51:21.179 [main] INFO  - In tearDown()..
17:51:21.433 [main] INFO  - DONE tearDown()..
17:51:21.452 [main] INFO  - In setup()..
17:51:21.454 [main] INFO  - In setup(), browser value edge
17:51:21.455 [main] INFO  - In launchBrowser() - browser value-edge
17:51:22.548 [main] INFO  - app url-https://dsportalapp.herokuapp.com/home
17:51:23.302 [main] INFO  - DONE setup()..
17:51:28.323 [main] INFO  - In tearDown()..
17:51:28.661 [main] INFO  - DONE tearDown()..
17:51:28.696 [main] INFO  - In setup()..
17:51:28.698 [main] INFO  - In setup(), browser value edge
17:51:28.698 [main] INFO  - In launchBrowser() - browser value-edge
17:51:29.798 [main] INFO  - app url-https://dsportalapp.herokuapp.com/home
17:51:30.320 [main] INFO  - DONE setup()..
17:51:35.336 [main] INFO  - In tearDown()..
17:51:35.613 [main] INFO  - DONE tearDown()..
17:51:35.630 [main] INFO  - In setup()..
17:51:35.632 [main] INFO  - In setup(), browser value edge
17:51:35.632 [main] INFO  - In launchBrowser() - browser value-edge
17:51:36.680 [main] INFO  - app url-https://dsportalapp.herokuapp.com/home
17:51:37.053 [main] INFO  - DONE setup()..
17:51:42.076 [main] INFO  - In tearDown()..
17:51:42.481 [main] INFO  - DONE tearDown()..
17:51:42.499 [main] INFO  - In setup()..
17:51:42.501 [main] INFO  - In setup(), browser value edge
17:51:42.501 [main] INFO  - In launchBrowser() - browser value-edge
17:51:43.510 [main] INFO  - app url-https://dsportalapp.herokuapp.com/home
17:51:43.933 [main] INFO  - DONE setup()..
17:51:48.956 [main] INFO  - In tearDown()..
17:51:49.310 [main] INFO  - DONE tearDown()..
22:12:53.434 [main] INFO  - In setup()..
22:12:53.442 [main] INFO  - In setup(), browser value edge
22:12:53.458 [main] INFO  - In launchBrowser() - browser value-edge
22:12:55.412 [main] INFO  - app url-https://dsportalapp.herokuapp.com/home
22:12:55.678 [main] INFO  - DONE setup()..
22:13:00.708 [main] INFO  - In tearDown()..
22:13:01.343 [main] INFO  - DONE tearDown()..
22:13:01.374 [main] INFO  - In setup()..
22:13:01.376 [main] INFO  - In setup(), browser value edge
22:13:01.377 [main] INFO  - In launchBrowser() - browser value-edge
22:13:03.372 [main] INFO  - app url-https://dsportalapp.herokuapp.com/home
22:13:04.106 [main] INFO  - DONE setup()..
22:13:09.125 [main] INFO  - In tearDown()..
22:13:09.785 [main] INFO  - DONE tearDown()..
22:13:09.807 [main] INFO  - In setup()..
22:13:09.809 [main] INFO  - In setup(), browser value edge
22:13:09.809 [main] INFO  - In launchBrowser() - browser value-edge
22:13:11.785 [main] INFO  - app url-https://dsportalapp.herokuapp.com/home
22:13:12.484 [main] INFO  - DONE setup()..
22:13:17.509 [main] INFO  - In tearDown()..
22:13:17.873 [main] INFO  - DONE tearDown()..
22:13:17.893 [main] INFO  - In setup()..
22:13:17.895 [main] INFO  - In setup(), browser value edge
22:13:17.895 [main] INFO  - In launchBrowser() - browser value-edge
22:13:19.098 [main] INFO  - app url-https://dsportalapp.herokuapp.com/home
22:13:19.663 [main] INFO  - DONE setup()..
22:13:24.690 [main] INFO  - In tearDown()..
22:13:25.055 [main] INFO  - DONE tearDown()..
22:13:25.073 [main] INFO  - In setup()..
22:13:25.075 [main] INFO  - In setup(), browser value edge
22:13:25.076 [main] INFO  - In launchBrowser() - browser value-edge
22:13:26.154 [main] INFO  - app url-https://dsportalapp.herokuapp.com/home
22:13:26.849 [main] INFO  - DONE setup()..
22:13:31.867 [main] INFO  - In tearDown()..
22:13:32.257 [main] INFO  - DONE tearDown()..
22:13:32.270 [main] INFO  - In setup()..
22:13:32.272 [main] INFO  - In setup(), browser value edge
22:13:32.272 [main] INFO  - In launchBrowser() - browser value-edge
22:13:33.363 [main] INFO  - app url-https://dsportalapp.herokuapp.com/home
22:13:33.839 [main] INFO  - DONE setup()..
22:13:38.855 [main] INFO  - In tearDown()..
22:13:39.225 [main] INFO  - DONE tearDown()..
22:13:39.241 [main] INFO  - In setup()..
22:13:39.243 [main] INFO  - In setup(), browser value edge
22:13:39.244 [main] INFO  - In launchBrowser() - browser value-edge
22:13:40.315 [main] INFO  - app url-https://dsportalapp.herokuapp.com/home
22:13:40.699 [main] INFO  - DONE setup()..
22:13:45.728 [main] INFO  - In tearDown()..
22:13:46.062 [main] INFO  - DONE tearDown()..
22:13:46.073 [main] INFO  - In setup()..
22:13:46.075 [main] INFO  - In setup(), browser value edge
22:13:46.075 [main] INFO  - In launchBrowser() - browser value-edge
22:13:47.176 [main] INFO  - app url-https://dsportalapp.herokuapp.com/home
22:13:47.617 [main] INFO  - DONE setup()..
22:13:52.642 [main] INFO  - In tearDown()..
22:13:53.001 [main] INFO  - DONE tearDown()..
22:13:53.017 [main] INFO  - In setup()..
22:13:53.019 [main] INFO  - In setup(), browser value edge
22:13:53.019 [main] INFO  - In launchBrowser() - browser value-edge
22:13:54.152 [main] INFO  - app url-https://dsportalapp.herokuapp.com/home
22:13:54.571 [main] INFO  - DONE setup()..
22:13:59.585 [main] INFO  - In tearDown()..
22:13:59.914 [main] INFO  - DONE tearDown()..
22:13:59.926 [main] INFO  - In setup()..
22:13:59.928 [main] INFO  - In setup(), browser value edge
22:13:59.932 [main] INFO  - In launchBrowser() - browser value-edge
22:14:01.070 [main] INFO  - app url-https://dsportalapp.herokuapp.com/home
22:14:01.497 [main] INFO  - DONE setup()..
22:14:06.510 [main] INFO  - In tearDown()..
22:14:06.747 [main] INFO  - DONE tearDown()..
22:14:06.755 [main] INFO  - In setup()..
22:14:06.756 [main] INFO  - In setup(), browser value edge
22:14:06.757 [main] INFO  - In launchBrowser() - browser value-edge
22:14:07.833 [main] INFO  - app url-https://dsportalapp.herokuapp.com/home
22:14:08.259 [main] INFO  - DONE setup()..
22:14:13.273 [main] INFO  - In tearDown()..
22:14:13.633 [main] INFO  - DONE tearDown()..
22:14:13.646 [main] INFO  - In setup()..
22:14:13.648 [main] INFO  - In setup(), browser value edge
22:14:13.648 [main] INFO  - In launchBrowser() - browser value-edge
22:14:14.686 [main] INFO  - app url-https://dsportalapp.herokuapp.com/home
22:14:15.167 [main] INFO  - DONE setup()..
22:14:20.180 [main] INFO  - In tearDown()..
22:14:20.523 [main] INFO  - DONE tearDown()..
22:21:21.420 [main] INFO  - In setup()..
22:21:21.427 [main] INFO  - In setup(), browser value edge
22:21:21.435 [main] INFO  - In launchBrowser() - browser value-edge
22:21:22.964 [main] INFO  - app url-https://dsportalapp.herokuapp.com/home
22:21:23.412 [main] INFO  - DONE setup()..
22:21:28.448 [main] INFO  - In tearDown()..
22:21:28.809 [main] INFO  - DONE tearDown()..
22:21:28.819 [main] INFO  - In setup()..
22:21:28.821 [main] INFO  - In setup(), browser value edge
22:21:28.821 [main] INFO  - In launchBrowser() - browser value-edge
22:21:29.972 [main] INFO  - app url-https://dsportalapp.herokuapp.com/home
22:21:30.432 [main] INFO  - DONE setup()..
22:21:35.450 [main] INFO  - In tearDown()..
22:21:35.708 [main] INFO  - DONE tearDown()..
22:21:35.715 [main] INFO  - In setup()..
22:21:35.717 [main] INFO  - In setup(), browser value edge
22:21:35.718 [main] INFO  - In launchBrowser() - browser value-edge
22:21:36.746 [main] INFO  - app url-https://dsportalapp.herokuapp.com/home
22:21:37.351 [main] INFO  - DONE setup()..
22:21:42.368 [main] INFO  - In tearDown()..
22:21:42.651 [main] INFO  - DONE tearDown()..
22:21:42.658 [main] INFO  - In setup()..
22:21:42.660 [main] INFO  - In setup(), browser value edge
22:21:42.660 [main] INFO  - In launchBrowser() - browser value-edge
22:21:43.832 [main] INFO  - app url-https://dsportalapp.herokuapp.com/home
22:21:44.477 [main] INFO  - DONE setup()..
22:21:49.493 [main] INFO  - In tearDown()..
22:21:49.741 [main] INFO  - DONE tearDown()..
22:21:49.749 [main] INFO  - In setup()..
22:21:49.751 [main] INFO  - In setup(), browser value edge
22:21:49.751 [main] INFO  - In launchBrowser() - browser value-edge
22:21:50.867 [main] INFO  - app url-https://dsportalapp.herokuapp.com/home
22:21:51.297 [main] INFO  - DONE setup()..
22:21:56.319 [main] INFO  - In tearDown()..
22:21:56.553 [main] INFO  - DONE tearDown()..
22:21:56.559 [main] INFO  - In setup()..
22:21:56.561 [main] INFO  - In setup(), browser value edge
22:21:56.561 [main] INFO  - In launchBrowser() - browser value-edge
22:21:57.635 [main] INFO  - app url-https://dsportalapp.herokuapp.com/home
22:21:58.128 [main] INFO  - DONE setup()..
22:22:03.140 [main] INFO  - In tearDown()..
22:22:03.477 [main] INFO  - DONE tearDown()..
22:22:03.483 [main] INFO  - In setup()..
22:22:03.484 [main] INFO  - In setup(), browser value edge
22:22:03.485 [main] INFO  - In launchBrowser() - browser value-edge
22:22:04.559 [main] INFO  - app url-https://dsportalapp.herokuapp.com/home
22:22:04.988 [main] INFO  - DONE setup()..
22:22:10.004 [main] INFO  - In tearDown()..
22:22:10.377 [main] INFO  - DONE tearDown()..
22:22:10.384 [main] INFO  - In setup()..
22:22:10.385 [main] INFO  - In setup(), browser value edge
22:22:10.385 [main] INFO  - In launchBrowser() - browser value-edge
22:22:11.516 [main] INFO  - app url-https://dsportalapp.herokuapp.com/home
22:22:11.943 [main] INFO  - DONE setup()..
22:22:16.961 [main] INFO  - In tearDown()..
22:22:17.302 [main] INFO  - DONE tearDown()..
22:22:17.310 [main] INFO  - In setup()..
22:22:17.312 [main] INFO  - In setup(), browser value edge
22:22:17.312 [main] INFO  - In launchBrowser() - browser value-edge
22:22:18.380 [main] INFO  - app url-https://dsportalapp.herokuapp.com/home
22:22:18.786 [main] INFO  - DONE setup()..
22:22:23.797 [main] INFO  - In tearDown()..
22:22:24.046 [main] INFO  - DONE tearDown()..
22:22:24.056 [main] INFO  - In setup()..
22:22:24.058 [main] INFO  - In setup(), browser value edge
22:22:24.059 [main] INFO  - In launchBrowser() - browser value-edge
22:22:25.136 [main] INFO  - app url-https://dsportalapp.herokuapp.com/home
22:22:25.586 [main] INFO  - DONE setup()..
22:22:30.604 [main] INFO  - In tearDown()..
22:22:30.935 [main] INFO  - DONE tearDown()..
22:22:30.944 [main] INFO  - In setup()..
22:22:30.944 [main] INFO  - In setup(), browser value edge
22:22:30.946 [main] INFO  - In launchBrowser() - browser value-edge
22:22:32.011 [main] INFO  - app url-https://dsportalapp.herokuapp.com/home
22:22:32.471 [main] INFO  - DONE setup()..
22:22:37.482 [main] INFO  - In tearDown()..
22:22:37.829 [main] INFO  - DONE tearDown()..
22:22:37.836 [main] INFO  - In setup()..
22:22:37.838 [main] INFO  - In setup(), browser value edge
22:22:37.838 [main] INFO  - In launchBrowser() - browser value-edge
22:22:38.954 [main] INFO  - app url-https://dsportalapp.herokuapp.com/home
22:22:39.436 [main] INFO  - DONE setup()..
22:22:44.448 [main] INFO  - In tearDown()..
22:22:44.752 [main] INFO  - DONE tearDown()..
22:22:44.762 [main] INFO  - In setup()..
22:22:44.763 [main] INFO  - In setup(), browser value edge
22:22:44.763 [main] INFO  - In launchBrowser() - browser value-edge
