22:22:45.825 [main] INFO  - app url-https://dsportalapp.herokuapp.com/home
22:22:46.446 [main] INFO  - DONE setup()..
22:22:51.459 [main] INFO  - In tearDown()..
22:22:51.694 [main] INFO  - DONE tearDown()..
22:22:51.700 [main] INFO  - In setup()..
22:22:51.701 [main] INFO  - In setup(), browser value edge
22:22:51.701 [main] INFO  - In launchBrowser() - browser value-edge
22:22:52.770 [main] INFO  - app url-https://dsportalapp.herokuapp.com/home
22:22:53.205 [main] INFO  - DONE setup()..
22:22:58.214 [main] INFO  - In tearDown()..
22:22:58.448 [main] INFO  - DONE tearDown()..
22:22:58.455 [main] INFO  - In setup()..
22:22:58.459 [main] INFO  - In setup(), browser value edge
22:22:58.459 [main] INFO  - In launchBrowser() - browser value-edge
22:22:59.531 [main] INFO  - app url-https://dsportalapp.herokuapp.com/home
22:22:59.995 [main] INFO  - DONE setup()..
22:23:05.007 [main] INFO  - In tearDown()..
22:23:05.272 [main] INFO  - DONE tearDown()..
22:23:05.278 [main] INFO  - In setup()..
22:23:05.279 [main] INFO  - In setup(), browser value edge
22:23:05.280 [main] INFO  - In launchBrowser() - browser value-edge
22:23:06.342 [main] INFO  - app url-https://dsportalapp.herokuapp.com/home
22:23:06.762 [main] INFO  - DONE setup()..
22:23:11.774 [main] INFO  - In tearDown()..
22:23:12.124 [main] INFO  - DONE tearDown()..
22:23:12.131 [main] INFO  - In setup()..
22:23:12.132 [main] INFO  - In setup(), browser value edge
22:23:12.133 [main] INFO  - In launchBrowser() - browser value-edge
22:23:13.280 [main] INFO  - app url-https://dsportalapp.herokuapp.com/home
22:23:13.754 [main] INFO  - DONE setup()..
22:23:18.774 [main] INFO  - In tearDown()..
22:23:19.007 [main] INFO  - DONE tearDown()..
22:23:19.012 [main] INFO  - In setup()..
22:23:19.014 [main] INFO  - In setup(), browser value edge
22:23:19.014 [main] INFO  - In launchBrowser() - browser value-edge
22:23:20.031 [main] INFO  - app url-https://dsportalapp.herokuapp.com/home
22:23:20.536 [main] INFO  - DONE setup()..
22:23:25.542 [main] INFO  - In tearDown()..
22:23:25.780 [main] INFO  - DONE tearDown()..
22:23:25.790 [main] INFO  - In setup()..
22:23:25.792 [main] INFO  - In setup(), browser value edge
22:23:25.793 [main] INFO  - In launchBrowser() - browser value-edge
22:23:26.811 [main] INFO  - app url-https://dsportalapp.herokuapp.com/home
22:23:27.200 [main] INFO  - DONE setup()..
22:23:32.211 [main] INFO  - In tearDown()..
22:23:32.574 [main] INFO  - DONE tearDown()..
22:23:32.579 [main] INFO  - In setup()..
22:23:32.581 [main] INFO  - In setup(), browser value edge
22:23:32.581 [main] INFO  - In launchBrowser() - browser value-edge
22:23:33.630 [main] INFO  - app url-https://dsportalapp.herokuapp.com/home
22:23:34.251 [main] INFO  - DONE setup()..
22:23:39.266 [main] INFO  - In tearDown()..
22:23:39.653 [main] INFO  - DONE tearDown()..
22:23:39.659 [main] INFO  - In setup()..
22:23:39.660 [main] INFO  - In setup(), browser value edge
22:23:39.661 [main] INFO  - In launchBrowser() - browser value-edge
22:23:40.675 [main] INFO  - app url-https://dsportalapp.herokuapp.com/home
22:23:41.165 [main] INFO  - DONE setup()..
22:23:46.181 [main] INFO  - In tearDown()..
22:23:46.429 [main] INFO  - DONE tearDown()..
22:23:46.438 [main] INFO  - In setup()..
22:23:46.439 [main] INFO  - In setup(), browser value edge
22:23:46.440 [main] INFO  - In launchBrowser() - browser value-edge
22:23:47.613 [main] INFO  - app url-https://dsportalapp.herokuapp.com/home
22:23:48.074 [main] INFO  - DONE setup()..
22:23:53.084 [main] INFO  - In tearDown()..
22:23:53.411 [main] INFO  - DONE tearDown()..
22:23:53.418 [main] INFO  - In setup()..
22:23:53.419 [main] INFO  - In setup(), browser value edge
22:23:53.419 [main] INFO  - In launchBrowser() - browser value-edge
22:23:54.484 [main] INFO  - app url-https://dsportalapp.herokuapp.com/home
22:23:54.991 [main] INFO  - DONE setup()..
22:24:00.015 [main] INFO  - In tearDown()..
22:24:00.332 [main] INFO  - DONE tearDown()..
22:24:00.337 [main] INFO  - In setup()..
22:24:00.339 [main] INFO  - In setup(), browser value edge
22:24:00.339 [main] INFO  - In launchBrowser() - browser value-edge
22:24:01.320 [main] INFO  - app url-https://dsportalapp.herokuapp.com/home
22:24:01.722 [main] INFO  - DONE setup()..
22:24:06.744 [main] INFO  - In tearDown()..
22:24:07.128 [main] INFO  - DONE tearDown()..
22:24:07.135 [main] INFO  - In setup()..
22:24:07.136 [main] INFO  - In setup(), browser value edge
22:24:07.137 [main] INFO  - In launchBrowser() - browser value-edge
22:24:08.180 [main] INFO  - app url-https://dsportalapp.herokuapp.com/home
22:24:08.621 [main] INFO  - DONE setup()..
22:24:13.647 [main] INFO  - In tearDown()..
22:24:13.974 [main] INFO  - DONE tearDown()..
22:24:13.981 [main] INFO  - In setup()..
22:24:13.982 [main] INFO  - In setup(), browser value edge
22:24:13.983 [main] INFO  - In launchBrowser() - browser value-edge
22:24:15.007 [main] INFO  - app url-https://dsportalapp.herokuapp.com/home
22:24:15.488 [main] INFO  - DONE setup()..
22:24:20.502 [main] INFO  - In tearDown()..
22:24:20.829 [main] INFO  - DONE tearDown()..
22:24:20.834 [main] INFO  - In setup()..
22:24:20.836 [main] INFO  - In setup(), browser value edge
22:24:20.836 [main] INFO  - In launchBrowser() - browser value-edge
22:24:21.848 [main] INFO  - app url-https://dsportalapp.herokuapp.com/home
22:24:22.304 [main] INFO  - DONE setup()..
22:24:27.312 [main] INFO  - In tearDown()..
22:24:27.614 [main] INFO  - DONE tearDown()..
22:24:27.620 [main] INFO  - In setup()..
22:24:27.622 [main] INFO  - In setup(), browser value edge
22:24:27.622 [main] INFO  - In launchBrowser() - browser value-edge
22:24:28.647 [main] INFO  - app url-https://dsportalapp.herokuapp.com/home
22:24:29.227 [main] INFO  - DONE setup()..
22:24:34.235 [main] INFO  - In tearDown()..
22:24:34.563 [main] INFO  - DONE tearDown()..
22:24:34.570 [main] INFO  - In setup()..
22:24:34.571 [main] INFO  - In setup(), browser value edge
22:24:34.571 [main] INFO  - In launchBrowser() - browser value-edge
22:24:35.636 [main] INFO  - app url-https://dsportalapp.herokuapp.com/home
22:24:36.198 [main] INFO  - DONE setup()..
22:24:41.218 [main] INFO  - In tearDown()..
22:24:41.541 [main] INFO  - DONE tearDown()..
22:47:27.960 [main] INFO  - In setup()..
22:47:27.966 [main] INFO  - In setup(), browser value edge
22:47:27.975 [main] INFO  - In launchBrowser() - browser value-edge
22:47:29.691 [main] INFO  - app url-https://dsportalapp.herokuapp.com/home
22:47:30.230 [main] INFO  - DONE setup()..
22:47:35.257 [main] INFO  - In tearDown()..
22:47:35.518 [main] INFO  - DONE tearDown()..
22:47:35.526 [main] INFO  - In setup()..
22:47:35.527 [main] INFO  - In setup(), browser value edge
22:47:35.527 [main] INFO  - In launchBrowser() - browser value-edge
22:47:36.575 [main] INFO  - app url-https://dsportalapp.herokuapp.com/home
22:47:37.107 [main] INFO  - DONE setup()..
22:47:42.118 [main] INFO  - In tearDown()..
22:47:42.457 [main] INFO  - DONE tearDown()..
22:47:42.464 [main] INFO  - In setup()..
22:47:42.466 [main] INFO  - In setup(), browser value edge
22:47:42.466 [main] INFO  - In launchBrowser() - browser value-edge
22:47:43.540 [main] INFO  - app url-https://dsportalapp.herokuapp.com/home
22:47:44.054 [main] INFO  - DONE setup()..
22:47:49.076 [main] INFO  - In tearDown()..
22:47:49.309 [main] INFO  - DONE tearDown()..
22:47:49.318 [main] INFO  - In setup()..
22:47:49.319 [main] INFO  - In setup(), browser value edge
22:47:49.319 [main] INFO  - In launchBrowser() - browser value-edge
22:47:50.365 [main] INFO  - app url-https://dsportalapp.herokuapp.com/home
22:47:50.821 [main] INFO  - DONE setup()..
22:47:55.840 [main] INFO  - In tearDown()..
22:47:56.178 [main] INFO  - DONE tearDown()..
22:47:56.188 [main] INFO  - In setup()..
22:47:56.189 [main] INFO  - In setup(), browser value edge
22:47:56.190 [main] INFO  - In launchBrowser() - browser value-edge
22:47:57.353 [main] INFO  - app url-https://dsportalapp.herokuapp.com/home
22:47:57.823 [main] INFO  - DONE setup()..
22:48:02.846 [main] INFO  - In tearDown()..
22:48:03.138 [main] INFO  - DONE tearDown()..
14:06:03.346 [main] INFO  - In setup()..
14:06:03.351 [main] INFO  - In setup(), browser value edge
14:06:03.359 [main] INFO  - In launchBrowser() - browser value-edge
14:06:04.653 [main] INFO  - app url-https://dsportalapp.herokuapp.com/home
14:06:05.049 [main] INFO  - DONE setup()..
14:06:10.080 [main] INFO  - In tearDown()..
14:06:10.277 [main] INFO  - DONE tearDown()..
14:06:10.283 [main] INFO  - In setup()..
14:06:10.285 [main] INFO  - In setup(), browser value edge
14:06:10.285 [main] INFO  - In launchBrowser() - browser value-edge
14:06:11.004 [main] INFO  - app url-https://dsportalapp.herokuapp.com/home
14:06:11.342 [main] INFO  - DONE setup()..
14:06:16.350 [main] INFO  - In tearDown()..
14:06:16.554 [main] INFO  - DONE tearDown()..
14:06:16.558 [main] INFO  - In setup()..
14:06:16.559 [main] INFO  - In setup(), browser value edge
14:06:16.559 [main] INFO  - In launchBrowser() - browser value-edge
14:06:17.244 [main] INFO  - app url-https://dsportalapp.herokuapp.com/home
14:06:17.593 [main] INFO  - DONE setup()..
14:06:22.604 [main] INFO  - In tearDown()..
14:06:22.800 [main] INFO  - DONE tearDown()..
14:06:22.806 [main] INFO  - In setup()..
14:06:22.807 [main] INFO  - In setup(), browser value edge
14:06:22.807 [main] INFO  - In launchBrowser() - browser value-edge
14:06:23.470 [main] INFO  - app url-https://dsportalapp.herokuapp.com/home
14:06:23.857 [main] INFO  - DONE setup()..
14:06:28.865 [main] INFO  - In tearDown()..
14:06:29.081 [main] INFO  - DONE tearDown()..
14:06:29.085 [main] INFO  - In setup()..
14:06:29.086 [main] INFO  - In setup(), browser value edge
14:06:29.086 [main] INFO  - In launchBrowser() - browser value-edge
14:06:29.824 [main] INFO  - app url-https://dsportalapp.herokuapp.com/home
14:06:30.195 [main] INFO  - DONE setup()..
14:06:35.206 [main] INFO  - In tearDown()..
14:06:35.394 [main] INFO  - DONE tearDown()..
14:06:35.402 [main] INFO  - In setup()..
14:06:35.403 [main] INFO  - In setup(), browser value edge
14:06:35.403 [main] INFO  - In launchBrowser() - browser value-edge
14:06:36.042 [main] INFO  - app url-https://dsportalapp.herokuapp.com/home
14:06:36.439 [main] INFO  - DONE setup()..
14:06:41.460 [main] INFO  - In tearDown()..
14:06:41.643 [main] INFO  - DONE tearDown()..
14:06:41.649 [main] INFO  - In setup()..
14:06:41.650 [main] INFO  - In setup(), browser value edge
14:06:41.650 [main] INFO  - In launchBrowser() - browser value-edge
14:06:42.307 [main] INFO  - app url-https://dsportalapp.herokuapp.com/home
14:06:42.647 [main] INFO  - DONE setup()..
14:06:47.664 [main] INFO  - In tearDown()..
14:06:47.846 [main] INFO  - DONE tearDown()..
14:06:47.851 [main] INFO  - In setup()..
14:06:47.852 [main] INFO  - In setup(), browser value edge
14:06:47.852 [main] INFO  - In launchBrowser() - browser value-edge
14:06:48.517 [main] INFO  - app url-https://dsportalapp.herokuapp.com/home
14:06:48.880 [main] INFO  - DONE setup()..
14:06:53.894 [main] INFO  - In tearDown()..
14:06:54.081 [main] INFO  - DONE tearDown()..
14:06:54.086 [main] INFO  - In setup()..
14:06:54.087 [main] INFO  - In setup(), browser value edge
14:06:54.088 [main] INFO  - In launchBrowser() - browser value-edge
14:06:54.777 [main] INFO  - app url-https://dsportalapp.herokuapp.com/home
14:06:55.127 [main] INFO  - DONE setup()..
14:07:00.140 [main] INFO  - In tearDown()..
14:07:00.343 [main] INFO  - DONE tearDown()..
14:07:00.347 [main] INFO  - In setup()..
14:07:00.347 [main] INFO  - In setup(), browser value edge
14:07:00.347 [main] INFO  - In launchBrowser() - browser value-edge
14:07:01.043 [main] INFO  - app url-https://dsportalapp.herokuapp.com/home
14:07:01.653 [main] INFO  - DONE setup()..
14:07:06.662 [main] INFO  - In tearDown()..
14:07:06.848 [main] INFO  - DONE tearDown()..
14:07:06.852 [main] INFO  - In setup()..
14:07:06.853 [main] INFO  - In setup(), browser value edge
14:07:06.853 [main] INFO  - In launchBrowser() - browser value-edge
14:07:07.524 [main] INFO  - app url-https://dsportalapp.herokuapp.com/home
14:07:07.945 [main] INFO  - DONE setup()..
14:07:12.955 [main] INFO  - In tearDown()..
14:07:13.143 [main] INFO  - DONE tearDown()..
14:07:13.145 [main] INFO  - In setup()..
14:07:13.146 [main] INFO  - In setup(), browser value edge
14:07:13.147 [main] INFO  - In launchBrowser() - browser value-edge
14:07:13.852 [main] INFO  - app url-https://dsportalapp.herokuapp.com/home
14:07:14.222 [main] INFO  - DONE setup()..
14:07:19.237 [main] INFO  - In tearDown()..
14:07:19.458 [main] INFO  - DONE tearDown()..
14:08:25.473 [main] INFO  - In setup()..
14:08:25.479 [main] INFO  - In setup(), browser value edge
14:08:25.486 [main] INFO  - In launchBrowser() - browser value-edge
14:08:26.539 [main] INFO  - app url-https://dsportalapp.herokuapp.com/home
14:08:26.871 [main] INFO  - DONE setup()..
14:08:31.889 [main] INFO  - In tearDown()..
14:08:32.125 [main] INFO  - DONE tearDown()..
14:08:32.134 [main] INFO  - In setup()..
14:08:32.136 [main] INFO  - In setup(), browser value edge
14:08:32.136 [main] INFO  - In launchBrowser() - browser value-edge
14:08:32.822 [main] INFO  - app url-https://dsportalapp.herokuapp.com/home
14:08:33.168 [main] INFO  - DONE setup()..
14:08:38.174 [main] INFO  - In tearDown()..
14:08:38.378 [main] INFO  - DONE tearDown()..
14:08:38.383 [main] INFO  - In setup()..
14:08:38.383 [main] INFO  - In setup(), browser value edge
14:08:38.383 [main] INFO  - In launchBrowser() - browser value-edge
14:08:39.034 [main] INFO  - app url-https://dsportalapp.herokuapp.com/home
14:08:39.383 [main] INFO  - DONE setup()..
14:08:44.397 [main] INFO  - In tearDown()..
14:08:44.569 [main] INFO  - DONE tearDown()..
14:08:44.575 [main] INFO  - In setup()..
14:08:44.575 [main] INFO  - In setup(), browser value edge
14:08:44.575 [main] INFO  - In launchBrowser() - browser value-edge
14:08:45.273 [main] INFO  - app url-https://dsportalapp.herokuapp.com/home
14:08:45.594 [main] INFO  - DONE setup()..
14:08:50.605 [main] INFO  - In tearDown()..
14:08:50.794 [main] INFO  - DONE tearDown()..
14:08:50.797 [main] INFO  - In setup()..
14:08:50.798 [main] INFO  - In setup(), browser value edge
14:08:50.798 [main] INFO  - In launchBrowser() - browser value-edge
14:08:51.503 [main] INFO  - app url-https://dsportalapp.herokuapp.com/home
14:08:51.878 [main] INFO  - DONE setup()..
14:08:56.881 [main] INFO  - In tearDown()..
14:08:57.083 [main] INFO  - DONE tearDown()..
14:08:57.089 [main] INFO  - In setup()..
14:08:57.089 [main] INFO  - In setup(), browser value edge
14:08:57.090 [main] INFO  - In launchBrowser() - browser value-edge
14:08:57.785 [main] INFO  - app url-https://dsportalapp.herokuapp.com/home
14:08:59.059 [main] INFO  - DONE setup()..
14:09:04.074 [main] INFO  - In tearDown()..
14:09:04.232 [main] INFO  - DONE tearDown()..
14:09:04.237 [main] INFO  - In setup()..
14:09:04.238 [main] INFO  - In setup(), browser value edge
14:09:04.238 [main] INFO  - In launchBrowser() - browser value-edge
14:09:04.980 [main] INFO  - app url-https://dsportalapp.herokuapp.com/home
14:09:05.328 [main] INFO  - DONE setup()..
14:09:10.329 [main] INFO  - In tearDown()..
14:09:10.517 [main] INFO  - DONE tearDown()..
14:09:10.521 [main] INFO  - In setup()..
14:09:10.522 [main] INFO  - In setup(), browser value edge
14:09:10.522 [main] INFO  - In launchBrowser() - browser value-edge
14:09:11.213 [main] INFO  - app url-https://dsportalapp.herokuapp.com/home
14:09:11.570 [main] INFO  - DONE setup()..
14:09:16.585 [main] INFO  - In tearDown()..
14:09:16.760 [main] INFO  - DONE tearDown()..
14:09:16.765 [main] INFO  - In setup()..
14:09:16.766 [main] INFO  - In setup(), browser value edge
14:09:16.766 [main] INFO  - In launchBrowser() - browser value-edge
14:09:17.490 [main] INFO  - app url-https://dsportalapp.herokuapp.com/home
14:09:17.836 [main] INFO  - DONE setup()..
14:09:22.841 [main] INFO  - In tearDown()..
14:09:23.026 [main] INFO  - DONE tearDown()..
14:09:23.032 [main] INFO  - In setup()..
14:09:23.032 [main] INFO  - In setup(), browser value edge
14:09:23.033 [main] INFO  - In launchBrowser() - browser value-edge
14:09:23.749 [main] INFO  - app url-https://dsportalapp.herokuapp.com/home
14:09:24.087 [main] INFO  - DONE setup()..
14:09:29.109 [main] INFO  - In tearDown()..
14:09:29.292 [main] INFO  - DONE tearDown()..
14:09:29.297 [main] INFO  - In setup()..
14:09:29.297 [main] INFO  - In setup(), browser value edge
14:09:29.297 [main] INFO  - In launchBrowser() - browser value-edge
14:09:29.940 [main] INFO  - app url-https://dsportalapp.herokuapp.com/home
14:09:30.265 [main] INFO  - DONE setup()..
14:09:35.277 [main] INFO  - In tearDown()..
14:09:35.462 [main] INFO  - DONE tearDown()..
14:09:35.466 [main] INFO  - In setup()..
14:09:35.467 [main] INFO  - In setup(), browser value edge
14:09:35.467 [main] INFO  - In launchBrowser() - browser value-edge
14:09:36.156 [main] INFO  - app url-https://dsportalapp.herokuapp.com/home
14:09:36.477 [main] INFO  - DONE setup()..
14:09:41.495 [main] INFO  - In tearDown()..
14:09:41.714 [main] INFO  - DONE tearDown()..
14:23:30.703 [main] INFO  - In setup()..
14:23:30.708 [main] INFO  - In setup(), browser value edge
14:23:30.726 [main] INFO  - In launchBrowser() - browser value-edge
14:23:31.761 [main] INFO  - app url-https://dsportalapp.herokuapp.com/home
14:23:32.158 [main] INFO  - DONE setup()..
14:23:37.178 [main] INFO  - In tearDown()..
14:23:37.363 [main] INFO  - DONE tearDown()..
14:23:37.381 [main] INFO  - In setup()..
14:23:37.381 [main] INFO  - In setup(), browser value edge
14:23:37.382 [main] INFO  - In launchBrowser() - browser value-edge
14:23:38.094 [main] INFO  - app url-https://dsportalapp.herokuapp.com/home
14:23:38.436 [main] INFO  - DONE setup()..
14:23:43.452 [main] INFO  - In tearDown()..
14:23:43.674 [main] INFO  - DONE tearDown()..
14:23:43.681 [main] INFO  - In setup()..
14:23:43.682 [main] INFO  - In setup(), browser value edge
14:23:43.683 [main] INFO  - In launchBrowser() - browser value-edge
14:23:44.396 [main] INFO  - app url-https://dsportalapp.herokuapp.com/home
14:23:44.714 [main] INFO  - DONE setup()..
14:23:49.726 [main] INFO  - In tearDown()..
14:23:49.930 [main] INFO  - DONE tearDown()..
14:23:49.937 [main] INFO  - In setup()..
14:23:49.938 [main] INFO  - In setup(), browser value edge
14:23:49.938 [main] INFO  - In launchBrowser() - browser value-edge
14:23:50.631 [main] INFO  - app url-https://dsportalapp.herokuapp.com/home
14:23:50.967 [main] INFO  - DONE setup()..
14:23:55.979 [main] INFO  - In tearDown()..
14:23:56.183 [main] INFO  - DONE tearDown()..
14:23:56.190 [main] INFO  - In setup()..
14:23:56.191 [main] INFO  - In setup(), browser value edge
14:23:56.192 [main] INFO  - In launchBrowser() - browser value-edge
14:23:56.929 [main] INFO  - app url-https://dsportalapp.herokuapp.com/home
14:23:57.260 [main] INFO  - DONE setup()..
14:24:02.263 [main] INFO  - In tearDown()..
14:24:02.468 [main] INFO  - DONE tearDown()..
14:24:02.474 [main] INFO  - In setup()..
14:24:02.475 [main] INFO  - In setup(), browser value edge
14:24:02.475 [main] INFO  - In launchBrowser() - browser value-edge
14:24:03.182 [main] INFO  - app url-https://dsportalapp.herokuapp.com/home
14:24:03.552 [main] INFO  - DONE setup()..
14:24:08.556 [main] INFO  - In tearDown()..
14:24:08.748 [main] INFO  - DONE tearDown()..
14:24:08.754 [main] INFO  - In setup()..
14:24:08.755 [main] INFO  - In setup(), browser value edge
14:24:08.755 [main] INFO  - In launchBrowser() - browser value-edge
14:24:09.446 [main] INFO  - app url-https://dsportalapp.herokuapp.com/home
14:24:09.810 [main] INFO  - DONE setup()..
14:24:14.814 [main] INFO  - In tearDown()..
14:24:15.014 [main] INFO  - DONE tearDown()..
14:24:15.019 [main] INFO  - In setup()..
14:24:15.020 [main] INFO  - In setup(), browser value edge
14:24:15.020 [main] INFO  - In launchBrowser() - browser value-edge
14:24:15.715 [main] INFO  - app url-https://dsportalapp.herokuapp.com/home
14:24:16.069 [main] INFO  - DONE setup()..
14:24:21.085 [main] INFO  - In tearDown()..
14:24:21.304 [main] INFO  - DONE tearDown()..
14:24:21.314 [main] INFO  - In setup()..
14:24:21.315 [main] INFO  - In setup(), browser value edge
14:24:21.315 [main] INFO  - In launchBrowser() - browser value-edge
14:24:22.001 [main] INFO  - app url-https://dsportalapp.herokuapp.com/home
14:24:22.335 [main] INFO  - DONE setup()..
14:24:27.348 [main] INFO  - In tearDown()..
14:24:27.568 [main] INFO  - DONE tearDown()..
14:24:27.573 [main] INFO  - In setup()..
14:24:27.574 [main] INFO  - In setup(), browser value edge
14:24:27.574 [main] INFO  - In launchBrowser() - browser value-edge
14:24:28.288 [main] INFO  - app url-https://dsportalapp.herokuapp.com/home
14:24:28.632 [main] INFO  - DONE setup()..
14:24:33.648 [main] INFO  - In tearDown()..
14:24:33.853 [main] INFO  - DONE tearDown()..
14:24:33.860 [main] INFO  - In setup()..
14:24:33.860 [main] INFO  - In setup(), browser value edge
14:24:33.861 [main] INFO  - In launchBrowser() - browser value-edge
14:24:34.594 [main] INFO  - app url-https://dsportalapp.herokuapp.com/home
14:24:35.180 [main] INFO  - DONE setup()..
14:24:40.191 [main] INFO  - In tearDown()..
14:24:40.393 [main] INFO  - DONE tearDown()..
14:24:40.397 [main] INFO  - In setup()..
14:24:40.398 [main] INFO  - In setup(), browser value edge
14:24:40.398 [main] INFO  - In launchBrowser() - browser value-edge
14:24:41.125 [main] INFO  - app url-https://dsportalapp.herokuapp.com/home
14:24:41.727 [main] INFO  - DONE setup()..
14:24:46.742 [main] INFO  - In tearDown()..
14:24:46.943 [main] INFO  - DONE tearDown()..
14:24:46.948 [main] INFO  - In setup()..
14:24:46.949 [main] INFO  - In setup(), browser value edge
14:24:46.949 [main] INFO  - In launchBrowser() - browser value-edge
14:24:47.667 [main] INFO  - app url-https://dsportalapp.herokuapp.com/home
14:24:48.025 [main] INFO  - DONE setup()..
14:24:53.035 [main] INFO  - In tearDown()..
14:24:53.225 [main] INFO  - DONE tearDown()..
14:28:18.785 [main] INFO  - In setup()..
14:28:18.794 [main] INFO  - In setup(), browser value edge
14:28:18.809 [main] INFO  - In launchBrowser() - browser value-edge
14:28:19.835 [main] INFO  - app url-https://dsportalapp.herokuapp.com/home
14:28:20.188 [main] INFO  - DONE setup()..
14:28:25.197 [main] INFO  - In tearDown()..
14:28:25.403 [main] INFO  - DONE tearDown()..
14:28:25.418 [main] INFO  - In setup()..
14:28:25.420 [main] INFO  - In setup(), browser value edge
14:28:25.420 [main] INFO  - In launchBrowser() - browser value-edge
14:28:26.154 [main] INFO  - app url-https://dsportalapp.herokuapp.com/home
14:28:26.492 [main] INFO  - DONE setup()..
14:29:28.687 [main] INFO  - In setup()..
14:29:28.695 [main] INFO  - In setup(), browser value edge
14:29:28.714 [main] INFO  - In launchBrowser() - browser value-edge
14:29:29.704 [main] INFO  - app url-https://dsportalapp.herokuapp.com/home
14:29:30.052 [main] INFO  - DONE setup()..
14:29:35.063 [main] INFO  - In tearDown()..
14:29:35.260 [main] INFO  - DONE tearDown()..
14:29:35.269 [main] INFO  - In setup()..
14:29:35.270 [main] INFO  - In setup(), browser value edge
14:29:35.270 [main] INFO  - In launchBrowser() - browser value-edge
14:29:35.983 [main] INFO  - app url-https://dsportalapp.herokuapp.com/home
14:29:36.316 [main] INFO  - DONE setup()..
14:29:41.318 [main] INFO  - In tearDown()..
14:29:41.509 [main] INFO  - DONE tearDown()..
14:29:41.514 [main] INFO  - In setup()..
14:29:41.515 [main] INFO  - In setup(), browser value edge
14:29:41.515 [main] INFO  - In launchBrowser() - browser value-edge
14:29:42.219 [main] INFO  - app url-https://dsportalapp.herokuapp.com/home
14:29:42.571 [main] INFO  - DONE setup()..
14:29:47.584 [main] INFO  - In tearDown()..
14:29:47.773 [main] INFO  - DONE tearDown()..
14:29:47.776 [main] INFO  - In setup()..
14:29:47.777 [main] INFO  - In setup(), browser value edge
14:29:47.777 [main] INFO  - In launchBrowser() - browser value-edge
14:29:48.484 [main] INFO  - app url-https://dsportalapp.herokuapp.com/home
14:29:48.829 [main] INFO  - DONE setup()..
14:29:53.834 [main] INFO  - In tearDown()..
14:29:54.022 [main] INFO  - DONE tearDown()..
14:29:54.026 [main] INFO  - In setup()..
14:29:54.027 [main] INFO  - In setup(), browser value edge
14:29:54.027 [main] INFO  - In launchBrowser() - browser value-edge
14:29:54.751 [main] INFO  - app url-https://dsportalapp.herokuapp.com/home
14:29:55.127 [main] INFO  - DONE setup()..
14:31:26.738 [main] INFO  - In setup()..
14:31:26.747 [main] INFO  - In setup(), browser value edge
14:31:26.762 [main] INFO  - In launchBrowser() - browser value-edge
14:31:27.794 [main] INFO  - app url-https://dsportalapp.herokuapp.com/home
14:31:28.157 [main] INFO  - DONE setup()..
14:31:33.168 [main] INFO  - In tearDown()..
14:31:33.389 [main] INFO  - DONE tearDown()..
14:31:33.402 [main] INFO  - In setup()..
14:31:33.403 [main] INFO  - In setup(), browser value edge
14:31:33.403 [main] INFO  - In launchBrowser() - browser value-edge
14:31:34.100 [main] INFO  - app url-https://dsportalapp.herokuapp.com/home
14:31:34.471 [main] INFO  - DONE setup()..
14:31:39.487 [main] INFO  - In tearDown()..
14:31:39.691 [main] INFO  - DONE tearDown()..
14:31:39.698 [main] INFO  - In setup()..
14:31:39.699 [main] INFO  - In setup(), browser value edge
14:31:39.699 [main] INFO  - In launchBrowser() - browser value-edge
14:31:40.389 [main] INFO  - app url-https://dsportalapp.herokuapp.com/home
14:31:40.743 [main] INFO  - DONE setup()..
14:31:45.751 [main] INFO  - In tearDown()..
14:31:45.939 [main] INFO  - DONE tearDown()..
14:31:45.944 [main] INFO  - In setup()..
14:31:45.945 [main] INFO  - In setup(), browser value edge
14:31:45.945 [main] INFO  - In launchBrowser() - browser value-edge
14:31:46.624 [main] INFO  - app url-https://dsportalapp.herokuapp.com/home
14:31:46.963 [main] INFO  - DONE setup()..
14:31:51.973 [main] INFO  - In tearDown()..
14:31:52.156 [main] INFO  - DONE tearDown()..
14:31:52.161 [main] INFO  - In setup()..
14:31:52.162 [main] INFO  - In setup(), browser value edge
14:31:52.162 [main] INFO  - In launchBrowser() - browser value-edge
14:31:52.826 [main] INFO  - app url-https://dsportalapp.herokuapp.com/home
14:31:53.177 [main] INFO  - DONE setup()..
14:31:58.192 [main] INFO  - In tearDown()..
14:31:58.397 [main] INFO  - DONE tearDown()..
14:31:58.402 [main] INFO  - In setup()..
14:31:58.404 [main] INFO  - In setup(), browser value edge
14:31:58.404 [main] INFO  - In launchBrowser() - browser value-edge
14:31:59.143 [main] INFO  - app url-https://dsportalapp.herokuapp.com/home
14:31:59.464 [main] INFO  - DONE setup()..
14:32:04.473 [main] INFO  - In tearDown()..
14:32:04.643 [main] INFO  - DONE tearDown()..
14:32:04.648 [main] INFO  - In setup()..
14:32:04.649 [main] INFO  - In setup(), browser value edge
14:32:04.649 [main] INFO  - In launchBrowser() - browser value-edge
14:32:05.370 [main] INFO  - app url-https://dsportalapp.herokuapp.com/home
14:32:05.704 [main] INFO  - DONE setup()..
14:32:10.714 [main] INFO  - In tearDown()..
14:32:10.901 [main] INFO  - DONE tearDown()..
14:32:10.905 [main] INFO  - In setup()..
14:32:10.906 [main] INFO  - In setup(), browser value edge
14:32:10.906 [main] INFO  - In launchBrowser() - browser value-edge
14:32:11.592 [main] INFO  - app url-https://dsportalapp.herokuapp.com/home
14:32:11.921 [main] INFO  - DONE setup()..
14:32:16.928 [main] INFO  - In tearDown()..
14:32:17.116 [main] INFO  - DONE tearDown()..
14:32:17.119 [main] INFO  - In setup()..
14:32:17.120 [main] INFO  - In setup(), browser value edge
14:32:17.120 [main] INFO  - In launchBrowser() - browser value-edge
14:32:17.835 [main] INFO  - app url-https://dsportalapp.herokuapp.com/home
14:32:18.189 [main] INFO  - DONE setup()..
14:32:23.192 [main] INFO  - In tearDown()..
14:32:23.378 [main] INFO  - DONE tearDown()..
14:32:23.385 [main] INFO  - In setup()..
14:32:23.386 [main] INFO  - In setup(), browser value edge
14:32:23.386 [main] INFO  - In launchBrowser() - browser value-edge
14:32:24.092 [main] INFO  - app url-https://dsportalapp.herokuapp.com/home
14:32:24.428 [main] INFO  - DONE setup()..
14:32:29.432 [main] INFO  - In tearDown()..
14:32:29.636 [main] INFO  - DONE tearDown()..
14:32:29.644 [main] INFO  - In setup()..
14:32:29.645 [main] INFO  - In setup(), browser value edge
14:32:29.645 [main] INFO  - In launchBrowser() - browser value-edge
14:32:30.347 [main] INFO  - app url-https://dsportalapp.herokuapp.com/home
14:32:30.688 [main] INFO  - DONE setup()..
14:32:35.695 [main] INFO  - In tearDown()..
14:32:35.914 [main] INFO  - DONE tearDown()..
14:32:35.918 [main] INFO  - In setup()..
14:32:35.918 [main] INFO  - In setup(), browser value edge
14:32:35.919 [main] INFO  - In launchBrowser() - browser value-edge
14:32:36.640 [main] INFO  - app url-https://dsportalapp.herokuapp.com/home
14:32:36.972 [main] INFO  - DONE setup()..
14:32:41.977 [main] INFO  - In tearDown()..
14:32:42.195 [main] INFO  - DONE tearDown()..
14:32:42.200 [main] INFO  - In setup()..
14:32:42.202 [main] INFO  - In setup(), browser value edge
14:32:42.202 [main] INFO  - In launchBrowser() - browser value-edge
14:32:42.883 [main] INFO  - app url-https://dsportalapp.herokuapp.com/home
14:32:43.496 [main] INFO  - DONE setup()..
14:32:48.513 [main] INFO  - In tearDown()..
14:32:48.719 [main] INFO  - DONE tearDown()..
14:32:48.723 [main] INFO  - In setup()..
14:32:48.724 [main] INFO  - In setup(), browser value edge
14:32:48.724 [main] INFO  - In launchBrowser() - browser value-edge
14:32:49.392 [main] INFO  - app url-https://dsportalapp.herokuapp.com/home
14:32:49.741 [main] INFO  - DONE setup()..
14:32:54.745 [main] INFO  - In tearDown()..
14:32:54.930 [main] INFO  - DONE tearDown()..
14:32:54.936 [main] INFO  - In setup()..
14:32:54.937 [main] INFO  - In setup(), browser value edge
14:32:54.937 [main] INFO  - In launchBrowser() - browser value-edge
14:32:55.662 [main] INFO  - app url-https://dsportalapp.herokuapp.com/home
14:32:55.989 [main] INFO  - DONE setup()..
14:33:01.010 [main] INFO  - In tearDown()..
14:33:01.225 [main] INFO  - DONE tearDown()..
14:33:01.231 [main] INFO  - In setup()..
14:33:01.232 [main] INFO  - In setup(), browser value edge
14:33:01.232 [main] INFO  - In launchBrowser() - browser value-edge
14:33:01.936 [main] INFO  - app url-https://dsportalapp.herokuapp.com/home
14:33:02.301 [main] INFO  - DONE setup()..
14:33:07.311 [main] INFO  - In tearDown()..
14:33:07.500 [main] INFO  - DONE tearDown()..
14:33:07.504 [main] INFO  - In setup()..
14:33:07.505 [main] INFO  - In setup(), browser value edge
14:33:07.505 [main] INFO  - In launchBrowser() - browser value-edge
14:33:08.177 [main] INFO  - app url-https://dsportalapp.herokuapp.com/home
14:33:08.535 [main] INFO  - DONE setup()..
14:33:13.553 [main] INFO  - In tearDown()..
14:33:13.738 [main] INFO  - DONE tearDown()..
14:33:13.744 [main] INFO  - In setup()..
14:33:13.744 [main] INFO  - In setup(), browser value edge
14:33:13.745 [main] INFO  - In launchBrowser() - browser value-edge
14:33:14.419 [main] INFO  - app url-https://dsportalapp.herokuapp.com/home
14:33:14.754 [main] INFO  - DONE setup()..
14:33:19.772 [main] INFO  - In tearDown()..
14:33:19.987 [main] INFO  - DONE tearDown()..
14:33:19.992 [main] INFO  - In setup()..
14:33:19.993 [main] INFO  - In setup(), browser value edge
14:33:19.993 [main] INFO  - In launchBrowser() - browser value-edge
14:33:20.667 [main] INFO  - app url-https://dsportalapp.herokuapp.com/home
14:33:20.996 [main] INFO  - DONE setup()..
14:33:26.015 [main] INFO  - In tearDown()..
14:33:26.200 [main] INFO  - DONE tearDown()..
14:33:26.206 [main] INFO  - In setup()..
14:33:26.207 [main] INFO  - In setup(), browser value edge
14:33:26.207 [main] INFO  - In launchBrowser() - browser value-edge
14:33:26.849 [main] INFO  - app url-https://dsportalapp.herokuapp.com/home
14:33:27.212 [main] INFO  - DONE setup()..
14:33:32.218 [main] INFO  - In tearDown()..
14:33:32.404 [main] INFO  - DONE tearDown()..
14:33:32.407 [main] INFO  - In setup()..
14:33:32.408 [main] INFO  - In setup(), browser value edge
14:33:32.408 [main] INFO  - In launchBrowser() - browser value-edge
14:33:33.131 [main] INFO  - app url-https://dsportalapp.herokuapp.com/home
14:33:33.478 [main] INFO  - DONE setup()..
14:33:38.493 [main] INFO  - In tearDown()..
14:33:38.699 [main] INFO  - DONE tearDown()..
14:33:38.702 [main] INFO  - In setup()..
14:33:38.703 [main] INFO  - In setup(), browser value edge
14:33:38.703 [main] INFO  - In launchBrowser() - browser value-edge
14:33:39.375 [main] INFO  - app url-https://dsportalapp.herokuapp.com/home
14:33:39.738 [main] INFO  - DONE setup()..
14:33:44.749 [main] INFO  - In tearDown()..
14:33:44.935 [main] INFO  - DONE tearDown()..
14:33:44.938 [main] INFO  - In setup()..
14:33:44.939 [main] INFO  - In setup(), browser value edge
14:33:44.939 [main] INFO  - In launchBrowser() - browser value-edge
14:33:45.620 [main] INFO  - app url-https://dsportalapp.herokuapp.com/home
14:33:45.984 [main] INFO  - DONE setup()..
14:33:50.986 [main] INFO  - In tearDown()..
14:33:51.174 [main] INFO  - DONE tearDown()..
14:33:51.180 [main] INFO  - In setup()..
14:33:51.181 [main] INFO  - In setup(), browser value edge
14:33:51.181 [main] INFO  - In launchBrowser() - browser value-edge
14:33:51.860 [main] INFO  - app url-https://dsportalapp.herokuapp.com/home
14:33:52.307 [main] INFO  - DONE setup()..
14:33:57.311 [main] INFO  - In tearDown()..
14:33:57.483 [main] INFO  - DONE tearDown()..
14:33:57.486 [main] INFO  - In setup()..
14:33:57.487 [main] INFO  - In setup(), browser value edge
14:33:57.487 [main] INFO  - In launchBrowser() - browser value-edge
14:33:58.204 [main] INFO  - app url-https://dsportalapp.herokuapp.com/home
14:33:58.544 [main] INFO  - DONE setup()..
14:34:03.559 [main] INFO  - In tearDown()..
14:34:03.746 [main] INFO  - DONE tearDown()..
14:34:03.749 [main] INFO  - In setup()..
14:34:03.750 [main] INFO  - In setup(), browser value edge
14:34:03.750 [main] INFO  - In launchBrowser() - browser value-edge
14:34:04.450 [main] INFO  - app url-https://dsportalapp.herokuapp.com/home
14:34:04.796 [main] INFO  - DONE setup()..
14:34:09.802 [main] INFO  - In tearDown()..
14:34:09.991 [main] INFO  - DONE tearDown()..
14:34:09.994 [main] INFO  - In setup()..
14:34:09.995 [main] INFO  - In setup(), browser value edge
14:34:09.995 [main] INFO  - In launchBrowser() - browser value-edge
14:34:10.681 [main] INFO  - app url-https://dsportalapp.herokuapp.com/home
14:34:11.020 [main] INFO  - DONE setup()..
14:34:16.030 [main] INFO  - In tearDown()..
14:34:16.218 [main] INFO  - DONE tearDown()..
14:34:16.221 [main] INFO  - In setup()..
14:34:16.222 [main] INFO  - In setup(), browser value edge
14:34:16.222 [main] INFO  - In launchBrowser() - browser value-edge
14:34:16.867 [main] INFO  - app url-https://dsportalapp.herokuapp.com/home
14:34:17.193 [main] INFO  - DONE setup()..
14:34:22.202 [main] INFO  - In tearDown()..
14:34:22.372 [main] INFO  - DONE tearDown()..
14:34:22.375 [main] INFO  - In setup()..
14:34:22.376 [main] INFO  - In setup(), browser value edge
14:34:22.376 [main] INFO  - In launchBrowser() - browser value-edge
14:34:23.084 [main] INFO  - app url-https://dsportalapp.herokuapp.com/home
14:34:23.422 [main] INFO  - DONE setup()..
14:34:28.430 [main] INFO  - In tearDown()..
14:34:28.635 [main] INFO  - DONE tearDown()..
14:34:28.638 [main] INFO  - In setup()..
14:34:28.639 [main] INFO  - In setup(), browser value edge
14:34:28.639 [main] INFO  - In launchBrowser() - browser value-edge
14:34:29.308 [main] INFO  - app url-https://dsportalapp.herokuapp.com/home
14:34:29.667 [main] INFO  - DONE setup()..
14:34:34.676 [main] INFO  - In tearDown()..
14:34:34.864 [main] INFO  - DONE tearDown()..
19:33:08.301 [main] INFO  - In setup()..
19:33:08.309 [main] INFO  - In setup(), browser value edge
19:33:08.329 [main] INFO  - In launchBrowser() - browser value-edge
19:33:09.596 [main] INFO  - app url-https://dsportalapp.herokuapp.com/home
19:33:09.958 [main] INFO  - DONE setup()..
19:33:14.963 [main] INFO  - In tearDown()..
19:33:15.167 [main] INFO  - DONE tearDown()..
19:33:15.176 [main] INFO  - In setup()..
19:33:15.177 [main] INFO  - In setup(), browser value edge
19:33:15.178 [main] INFO  - In launchBrowser() - browser value-edge
19:33:15.887 [main] INFO  - app url-https://dsportalapp.herokuapp.com/home
19:33:16.255 [main] INFO  - DONE setup()..
19:33:21.260 [main] INFO  - In tearDown()..
19:33:21.448 [main] INFO  - DONE tearDown()..
19:33:21.454 [main] INFO  - In setup()..
19:33:21.455 [main] INFO  - In setup(), browser value edge
19:33:21.455 [main] INFO  - In launchBrowser() - browser value-edge
19:33:22.145 [main] INFO  - app url-https://dsportalapp.herokuapp.com/home
19:33:22.502 [main] INFO  - DONE setup()..
19:33:27.507 [main] INFO  - In tearDown()..
19:33:27.679 [main] INFO  - DONE tearDown()..
19:33:27.684 [main] INFO  - In setup()..
19:33:27.685 [main] INFO  - In setup(), browser value edge
19:33:27.685 [main] INFO  - In launchBrowser() - browser value-edge
19:33:28.426 [main] INFO  - app url-https://dsportalapp.herokuapp.com/home
19:33:28.754 [main] INFO  - DONE setup()..
19:33:33.772 [main] INFO  - In tearDown()..
19:33:33.957 [main] INFO  - DONE tearDown()..
19:33:33.963 [main] INFO  - In setup()..
19:33:33.964 [main] INFO  - In setup(), browser value edge
19:33:33.964 [main] INFO  - In launchBrowser() - browser value-edge
19:33:34.678 [main] INFO  - app url-https://dsportalapp.herokuapp.com/home
19:33:35.016 [main] INFO  - DONE setup()..
19:33:40.019 [main] INFO  - In tearDown()..
19:33:40.207 [main] INFO  - DONE tearDown()..
19:33:40.213 [main] INFO  - In setup()..
19:33:40.214 [main] INFO  - In setup(), browser value edge
19:33:40.214 [main] INFO  - In launchBrowser() - browser value-edge
19:33:40.905 [main] INFO  - app url-https://dsportalapp.herokuapp.com/home
19:33:41.257 [main] INFO  - DONE setup()..
19:33:46.268 [main] INFO  - In tearDown()..
19:33:46.454 [main] INFO  - DONE tearDown()..
19:33:46.458 [main] INFO  - In setup()..
19:33:46.459 [main] INFO  - In setup(), browser value edge
19:33:46.459 [main] INFO  - In launchBrowser() - browser value-edge
19:33:47.192 [main] INFO  - app url-https://dsportalapp.herokuapp.com/home
19:33:47.526 [main] INFO  - DONE setup()..
19:33:52.535 [main] INFO  - In tearDown()..
19:33:52.733 [main] INFO  - DONE tearDown()..
19:33:52.740 [main] INFO  - In setup()..
19:33:52.741 [main] INFO  - In setup(), browser value edge
19:33:52.741 [main] INFO  - In launchBrowser() - browser value-edge
19:33:53.461 [main] INFO  - app url-https://dsportalapp.herokuapp.com/home
19:33:53.790 [main] INFO  - DONE setup()..
19:33:58.796 [main] INFO  - In tearDown()..
19:33:58.985 [main] INFO  - DONE tearDown()..
19:33:58.989 [main] INFO  - In setup()..
19:33:58.990 [main] INFO  - In setup(), browser value edge
19:33:58.990 [main] INFO  - In launchBrowser() - browser value-edge
19:33:59.714 [main] INFO  - app url-https://dsportalapp.herokuapp.com/home
19:34:00.177 [main] INFO  - DONE setup()..
19:34:05.193 [main] INFO  - In tearDown()..
19:34:05.380 [main] INFO  - DONE tearDown()..
19:34:05.386 [main] INFO  - In setup()..
19:34:05.387 [main] INFO  - In setup(), browser value edge
19:34:05.387 [main] INFO  - In launchBrowser() - browser value-edge
19:34:06.095 [main] INFO  - app url-https://dsportalapp.herokuapp.com/home
19:34:06.435 [main] INFO  - DONE setup()..
19:34:11.441 [main] INFO  - In tearDown()..
19:34:11.644 [main] INFO  - DONE tearDown()..
19:41:11.225 [main] INFO  - In setup()..
19:41:11.229 [main] INFO  - In setup(), browser value edge
19:41:11.249 [main] INFO  - In launchBrowser() - browser value-edge
19:41:12.280 [main] INFO  - app url-https://dsportalapp.herokuapp.com/home
19:41:12.622 [main] INFO  - DONE setup()..
19:41:17.652 [main] INFO  - In tearDown()..
19:41:17.867 [main] INFO  - DONE tearDown()..
19:41:17.877 [main] INFO  - In setup()..
19:41:17.878 [main] INFO  - In setup(), browser value edge
19:41:17.878 [main] INFO  - In launchBrowser() - browser value-edge
19:41:18.587 [main] INFO  - app url-https://dsportalapp.herokuapp.com/home
19:41:18.928 [main] INFO  - DONE setup()..
19:41:23.944 [main] INFO  - In tearDown()..
19:41:24.131 [main] INFO  - DONE tearDown()..
19:41:24.143 [main] INFO  - In setup()..
19:41:24.144 [main] INFO  - In setup(), browser value edge
19:41:24.145 [main] INFO  - In launchBrowser() - browser value-edge
19:41:24.829 [main] INFO  - app url-https://dsportalapp.herokuapp.com/home
19:41:25.220 [main] INFO  - DONE setup()..
19:41:30.225 [main] INFO  - In tearDown()..
19:41:30.411 [main] INFO  - DONE tearDown()..
19:41:30.416 [main] INFO  - In setup()..
19:41:30.417 [main] INFO  - In setup(), browser value edge
19:41:30.417 [main] INFO  - In launchBrowser() - browser value-edge
19:41:31.077 [main] INFO  - app url-https://dsportalapp.herokuapp.com/home
19:41:31.410 [main] INFO  - DONE setup()..
19:41:36.425 [main] INFO  - In tearDown()..
19:41:36.637 [main] INFO  - DONE tearDown()..
19:41:36.645 [main] INFO  - In setup()..
19:41:36.646 [main] INFO  - In setup(), browser value edge
19:41:36.646 [main] INFO  - In launchBrowser() - browser value-edge
19:41:37.371 [main] INFO  - app url-https://dsportalapp.herokuapp.com/home
19:41:37.698 [main] INFO  - DONE setup()..
19:41:42.723 [main] INFO  - In tearDown()..
19:41:42.923 [main] INFO  - DONE tearDown()..
19:41:42.928 [main] INFO  - In setup()..
19:41:42.929 [main] INFO  - In setup(), browser value edge
19:41:42.929 [main] INFO  - In launchBrowser() - browser value-edge
19:41:43.613 [main] INFO  - app url-https://dsportalapp.herokuapp.com/home
19:41:43.950 [main] INFO  - DONE setup()..
19:41:48.968 [main] INFO  - In tearDown()..
19:41:49.167 [main] INFO  - DONE tearDown()..
19:41:49.175 [main] INFO  - In setup()..
19:41:49.176 [main] INFO  - In setup(), browser value edge
19:41:49.176 [main] INFO  - In launchBrowser() - browser value-edge
19:41:49.895 [main] INFO  - app url-https://dsportalapp.herokuapp.com/home
19:41:50.242 [main] INFO  - DONE setup()..
19:41:55.243 [main] INFO  - In tearDown()..
19:41:55.434 [main] INFO  - DONE tearDown()..
19:41:55.440 [main] INFO  - In setup()..
19:41:55.440 [main] INFO  - In setup(), browser value edge
19:41:55.440 [main] INFO  - In launchBrowser() - browser value-edge
19:41:56.090 [main] INFO  - app url-https://dsportalapp.herokuapp.com/home
19:41:56.407 [main] INFO  - DONE setup()..
19:42:01.416 [main] INFO  - In tearDown()..
19:42:01.601 [main] INFO  - DONE tearDown()..
19:42:01.605 [main] INFO  - In setup()..
19:42:01.606 [main] INFO  - In setup(), browser value edge
19:42:01.606 [main] INFO  - In launchBrowser() - browser value-edge
19:42:02.252 [main] INFO  - app url-https://dsportalapp.herokuapp.com/home
19:42:02.572 [main] INFO  - DONE setup()..
19:42:07.576 [main] INFO  - In tearDown()..
19:42:07.762 [main] INFO  - DONE tearDown()..
19:42:07.768 [main] INFO  - In setup()..
19:42:07.769 [main] INFO  - In setup(), browser value edge
19:42:07.769 [main] INFO  - In launchBrowser() - browser value-edge
19:42:08.471 [main] INFO  - app url-https://dsportalapp.herokuapp.com/home
19:42:08.806 [main] INFO  - DONE setup()..
19:42:13.825 [main] INFO  - In tearDown()..
19:42:14.011 [main] INFO  - DONE tearDown()..
